<?xml version="1.0" encoding="UTF-8"?>
<testsuite xmlns:xsi="http://www.w3.org/2001/XMLSchema-instance" xsi:noNamespaceSchemaLocation="https://maven.apache.org/surefire/maven-surefire-plugin/xsd/surefire-test-report.xsd" name="com.squareup.javapoet.ClassNameTest" time="1.314" tests="13" errors="0" skipped="0" failures="0">
  <properties>
[...]
</properties>
  <testcase name="bestGuessForString_confusingInput" classname="com.squareup.javapoet.ClassNameTest" time="0.032"/>
  <testcase name="bestGuessNonAscii" classname="com.squareup.javapoet.ClassNameTest" time="0.035"/>
  <testcase name="createNestedClass" classname="com.squareup.javapoet.ClassNameTest" time="0.033"/>
  <testcase name="reflectionName" classname="com.squareup.javapoet.ClassNameTest" time="0.033"/>
  <testcase name="fromClassRejectionTypes" classname="com.squareup.javapoet.ClassNameTest" time="0.032"/>
  <testcase name="classNameFromTypeElement" classname="com.squareup.javapoet.ClassNameTest" time="0.048"/>
  <testcase name="classNameFromTypeElementDoesntUseGetKind" classname="com.squareup.javapoet.ClassNameTest" time="0.849"/>
  <testcase name="classNameFromClass" classname="com.squareup.javapoet.ClassNameTest" time="0.088"/>
  <testcase name="bestGuessForString_defaultPackage" classname="com.squareup.javapoet.ClassNameTest" time="0.041"/>
  <testcase name="bestGuessForString_nestedClass" classname="com.squareup.javapoet.ClassNameTest" time="0.03"/>
  <testcase name="bestGuessForString_simpleClass" classname="com.squareup.javapoet.ClassNameTest" time="0.031"/>
  <testcase name="canonicalName" classname="com.squareup.javapoet.ClassNameTest" time="0.03"/>
  <testcase name="peerClass" classname="com.squareup.javapoet.ClassNameTest" time="0.03"/>
</testsuite>