<?xml version="1.0" encoding="UTF-8" standalone="yes"?><!DOCTYPE report PUBLIC "-//JACOCO//DTD Report 1.1//EN" "report.dtd"><report name="JavaPoet"><sessioninfo id="MSI-194f8ff" start="1673306521351" dump="1673306532809"/><package name="com/squareup/javapoet"><class name="com/squareup/javapoet/ClassName" sourcefilename="ClassName.java"><method name="&lt;init&gt;" desc="(Ljava/util/List;)V" line="43"><counter type="INSTRUCTION" missed="0" covered="7"/><counter type="LINE" missed="0" covered="2"/><counter type="COMPLEXITY" missed="0" covered="1"/><counter type="METHOD" missed="0" covered="1"/></method><method name="&lt;init&gt;" desc="(Ljava/util/List;Ljava/util/List;)V" line="47"><counter type="INSTRUCTION" missed="0" covered="50"/><counter type="BRANCH" missed="0" covered="4"/><counter type="LINE" missed="0" covered="8"/><counter type="COMPLEXITY" missed="0" covered="3"/><counter type="METHOD" missed="0" covered="1"/></method><method name="annotated" desc="(Ljava/util/List;)Lcom/squareup/javapoet/ClassName;" line="58"><counter type="INSTRUCTION" missed="0" covered="9"/><counter type="LINE" missed="0" covered="1"/><counter type="COMPLEXITY" missed="0" covered="1"/><counter type="METHOD" missed="0" covered="1"/></method><method name="withoutAnnotations" desc="()Lcom/squareup/javapoet/TypeName;" line="62"><counter type="INSTRUCTION" missed="0" covered="6"/><counter type="LINE" missed="0" covered="1"/><counter type="COMPLEXITY" missed="0" covered="1"/><counter type="METHOD" missed="0" covered="1"/></method><method name="packageName" desc="()Ljava/lang/String;" line="67"><counter type="INSTRUCTION" missed="0" covered="6"/><counter type="LINE" missed="0" covered="1"/><counter type="COMPLEXITY" missed="0" covered="1"/><counter type="METHOD" missed="0" covered="1"/></method><method name="enclosingClassName" desc="()Lcom/squareup/javapoet/ClassName;" line="75"><counter type="INSTRUCTION" missed="0" covered="20"/><counter type="BRANCH" missed="0" covered="2"/><counter type="LINE" missed="0" covered="2"/><counter type="COMPLEXITY" missed="0" covered="2"/><counter type="METHOD" missed="0" covered="1"/></method><method name="topLevelClassName" desc="()Lcom/squareup/javapoet/ClassName;" line="84"><counter type="INSTRUCTION" missed="0" covered="9"/><counter type="LINE" missed="0" covered="1"/><counter type="COMPLEXITY" missed="0" covered="1"/><counter type="METHOD" missed="0" covered="1"/></method><method name="nestedClass" desc="(Ljava/lang/String;)Lcom/squareup/javapoet/ClassName;" line="92"><counter type="INSTRUCTION" missed="0" covered="29"/><counter type="LINE" missed="0" covered="5"/><counter type="COMPLEXITY" missed="0" covered="1"/><counter type="METHOD" missed="0" covered="1"/></method><method name="simpleNames" desc="()Ljava/util/List;" line="100"><counter type="INSTRUCTION" missed="0" covered="8"/><counter type="LINE" missed="0" covered="1"/><counter type="COMPLEXITY" missed="0" covered="1"/><counter type="METHOD" missed="0" covered="1"/></method><method name="peerClass" desc="(Ljava/lang/String;)Lcom/squareup/javapoet/ClassName;" line="109"><counter type="INSTRUCTION" missed="0" covered="19"/><counter type="LINE" missed="0" covered="3"/><counter type="COMPLEXITY" missed="0" covered="1"/><counter type="METHOD" missed="0" covered="1"/></method><method name="simpleName" desc="()Ljava/lang/String;" line="116"><counter type="INSTRUCTION" missed="0" covered="10"/><counter type="LINE" missed="0" covered="1"/><counter type="COMPLEXITY" missed="0" covered="1"/><counter type="METHOD" missed="0" covered="1"/></method><method name="get" desc="(Ljava/lang/Class;)Lcom/squareup/javapoet/ClassName;" line="120"><counter type="INSTRUCTION" missed="1" covered="77"/><counter type="BRANCH" missed="2" covered="8"/><counter type="LINE" missed="0" covered="14"/><counter type="COMPLEXITY" missed="2" covered="4"/><counter type="METHOD" missed="0" covered="1"/></method><method name="bestGuess" desc="(Ljava/lang/String;)Lcom/squareup/javapoet/ClassName;" line="147"><counter type="INSTRUCTION" missed="1" covered="112"/><counter type="BRANCH" missed="1" covered="15"/><counter type="LINE" missed="0" covered="11"/><counter type="COMPLEXITY" missed="1" covered="8"/><counter type="METHOD" missed="0" covered="1"/></method><method name="get" desc="(Ljava/lang/String;Ljava/lang/String;[Ljava/lang/String;)Lcom/squareup/javapoet/ClassName;" line="173"><counter type="INSTRUCTION" missed="0" covered="21"/><counter type="LINE" missed="0" covered="5"/><counter type="COMPLEXITY" missed="0" covered="1"/><counter type="METHOD" missed="0" covered="1"/></method><method name="get" desc="(Ljavax/lang/model/element/TypeElement;)Lcom/squareup/javapoet/ClassName;" line="182"><counter type="INSTRUCTION" missed="1" covered="53"/><counter type="BRANCH" missed="1" covered="5"/><counter type="LINE" missed="0" covered="8"/><counter type="COMPLEXITY" missed="1" covered="3"/><counter type="METHOD" missed="0" covered="1"/></method><method name="isClassOrInterface" desc="(Ljavax/lang/model/element/Element;)Z" line="195"><counter type="INSTRUCTION" missed="0" covered="12"/><counter type="BRANCH" missed="0" covered="4"/><counter type="LINE" missed="0" covered="1"/><counter type="COMPLEXITY" missed="0" covered="3"/><counter type="METHOD" missed="0" covered="1"/></method><method name="getPackage" desc="(Ljavax/lang/model/element/Element;)Ljavax/lang/model/element/PackageElement;" line="199"><counter type="INSTRUCTION" missed="0" covered="11"/><counter type="BRANCH" missed="0" covered="2"/><counter type="LINE" missed="0" covered="3"/><counter type="COMPLEXITY" missed="0" covered="2"/><counter type="METHOD" missed="0" covered="1"/></method><method name="compareTo" desc="(Lcom/squareup/javapoet/ClassName;)I" line="206"><counter type="INSTRUCTION" missed="0" covered="6"/><counter type="LINE" missed="0" covered="1"/><counter type="COMPLEXITY" missed="0" covered="1"/><counter type="METHOD" missed="0" covered="1"/></method><method name="emit" desc="(Lcom/squareup/javapoet/CodeWriter;)Lcom/squareup/javapoet/CodeWriter;" line="210"><counter type="INSTRUCTION" missed="0" covered="6"/><counter type="LINE" missed="0" covered="1"/><counter type="COMPLEXITY" missed="0" covered="1"/><counter type="METHOD" missed="0" covered="1"/></method><method name="&lt;clinit&gt;" desc="()V" line="36"><counter type="INSTRUCTION" missed="0" covered="4"/><counter type="LINE" missed="0" covered="1"/><counter type="COMPLEXITY" missed="0" covered="1"/><counter type="METHOD" missed="0" covered="1"/></method><counter type="INSTRUCTION" missed="3" covered="475"/><counter type="BRANCH" missed="4" covered="40"/><counter type="LINE" missed="0" covered="71"/><counter type="COMPLEXITY" missed="4" covered="38"/><counter type="METHOD" missed="0" covered="20"/><counter type="CLASS" missed="0" covered="1"/></class><class name="com/squareup/javapoet/NameAllocator" sourcefilename="NameAllocator.java"><method name="&lt;init&gt;" desc="()V" line="86"><counter type="INSTRUCTION" missed="0" covered="9"/><counter type="LINE" missed="0" covered="2"/><counter type="COMPLEXITY" missed="0" covered="1"/><counter type="METHOD" missed="0" covered="1"/></method><method name="&lt;init&gt;" desc="(Ljava/util/LinkedHashSet;Ljava/util/LinkedHashMap;)V" line="90"><counter type="INSTRUCTION" missed="0" covered="9"/><counter type="LINE" missed="0" covered="4"/><counter type="COMPLEXITY" missed="0" covered="1"/><counter type="METHOD" missed="0" covered="1"/></method><method name="newName" desc="(Ljava/lang/String;)Ljava/lang/String;" line="100"><counter type="INSTRUCTION" missed="0" covered="6"/><counter type="LINE" missed="0" covered="1"/><counter type="COMPLEXITY" missed="0" covered="1"/><counter type="METHOD" missed="0" covered="1"/></method><method name="newName" desc="(Ljava/lang/String;Ljava/lang/Object;)Ljava/lang/String;" line="109"><counter type="INSTRUCTION" missed="0" covered="72"/><counter type="BRANCH" missed="0" covered="6"/><counter type="LINE" missed="0" covered="10"/><counter type="COMPLEXITY" missed="0" covered="4"/><counter type="METHOD" missed="0" covered="1"/></method><method name="toJavaIdentifier" desc="(Ljava/lang/String;)Ljava/lang/String;" line="129"><counter type="INSTRUCTION" missed="0" covered="46"/><counter type="BRANCH" missed="0" covered="10"/><counter type="LINE" missed="0" covered="12"/><counter type="COMPLEXITY" missed="0" covered="6"/><counter type="METHOD" missed="0" covered="1"/></method><method name="get" desc="(Ljava/lang/Object;)Ljava/lang/String;" line="147"><counter type="INSTRUCTION" missed="0" covered="22"/><counter type="BRANCH" missed="0" covered="2"/><counter type="LINE" missed="0" covered="4"/><counter type="COMPLEXITY" missed="0" covered="2"/><counter type="METHOD" missed="0" covered="1"/></method><method name="clone" desc="()Lcom/squareup/javapoet/NameAllocator;" line="163"><counter type="INSTRUCTION" missed="0" covered="14"/><counter type="LINE" missed="0" covered="1"/><counter type="COMPLEXITY" missed="0" covered="1"/><counter type="METHOD" missed="0" covered="1"/></method><counter type="INSTRUCTION" missed="0" covered="178"/><counter type="BRANCH" missed="0" covered="18"/><counter type="LINE" missed="0" covered="34"/><counter type="COMPLEXITY" missed="0" covered="16"/><counter type="METHOD" missed="0" covered="7"/><counter type="CLASS" missed="0" covered="1"/></class><class name="com/squareup/javapoet/FieldSpec$Builder" sourcefilename="FieldSpec.java"><method name="&lt;init&gt;" desc="(Lcom/squareup/javapoet/TypeName;Ljava/lang/String;)V" line="114"><counter type="INSTRUCTION" missed="0" covered="25"/><counter type="LINE" missed="0" covered="8"/><counter type="COMPLEXITY" missed="0" covered="1"/><counter type="METHOD" missed="0" covered="1"/></method><method name="addJavadoc" desc="(Ljava/lang/String;[Ljava/lang/Object;)Lcom/squareup/javapoet/FieldSpec$Builder;" line="125"><counter type="INSTRUCTION" missed="0" covered="8"/><counter type="LINE" missed="0" covered="2"/><counter type="COMPLEXITY" missed="0" covered="1"/><counter type="METHOD" missed="0" covered="1"/></method><method name="addAnnotations" desc="(Ljava/lang/Iterable;)Lcom/squareup/javapoet/FieldSpec$Builder;" line="130"><counter type="INSTRUCTION" missed="24" covered="3"/><counter type="BRANCH" missed="3" covered="1"/><counter type="LINE" missed="4" covered="1"/><counter type="COMPLEXITY" missed="2" covered="1"/><counter type="METHOD" missed="0" covered="1"/></method><method name="addAnnotation" desc="(Lcom/squareup/javapoet/AnnotationSpec;)Lcom/squareup/javapoet/FieldSpec$Builder;" line="138"><counter type="INSTRUCTION" missed="0" covered="7"/><counter type="LINE" missed="0" covered="2"/><counter type="COMPLEXITY" missed="0" covered="1"/><counter type="METHOD" missed="0" covered="1"/></method><method name="addAnnotation" desc="(Lcom/squareup/javapoet/ClassName;)Lcom/squareup/javapoet/FieldSpec$Builder;" line="143"><counter type="INSTRUCTION" missed="9" covered="0"/><counter type="LINE" missed="2" covered="0"/><counter type="COMPLEXITY" missed="1" covered="0"/><counter type="METHOD" missed="1" covered="0"/></method><method name="addAnnotation" desc="(Ljava/lang/Class;)Lcom/squareup/javapoet/FieldSpec$Builder;" line="148"><counter type="INSTRUCTION" missed="5" covered="0"/><counter type="LINE" missed="1" covered="0"/><counter type="COMPLEXITY" missed="1" covered="0"/><counter type="METHOD" missed="1" covered="0"/></method><method name="addModifiers" desc="([Ljavax/lang/model/element/Modifier;)Lcom/squareup/javapoet/FieldSpec$Builder;" line="152"><counter type="INSTRUCTION" missed="0" covered="7"/><counter type="LINE" missed="0" covered="2"/><counter type="COMPLEXITY" missed="0" covered="1"/><counter type="METHOD" missed="0" covered="1"/></method><method name="initializer" desc="(Ljava/lang/String;[Ljava/lang/Object;)Lcom/squareup/javapoet/FieldSpec$Builder;" line="157"><counter type="INSTRUCTION" missed="0" covered="6"/><counter type="LINE" missed="0" covered="1"/><counter type="COMPLEXITY" missed="0" covered="1"/><counter type="METHOD" missed="0" covered="1"/></method><method name="initializer" desc="(Lcom/squareup/javapoet/CodeBlock;)Lcom/squareup/javapoet/FieldSpec$Builder;" line="161"><counter type="INSTRUCTION" missed="0" covered="20"/><counter type="BRANCH" missed="0" covered="2"/><counter type="LINE" missed="0" covered="3"/><counter type="COMPLEXITY" missed="0" covered="2"/><counter type="METHOD" missed="0" covered="1"/></method><method name="build" desc="()Lcom/squareup/javapoet/FieldSpec;" line="167"><counter type="INSTRUCTION" missed="0" covered="6"/><counter type="LINE" missed="0" covered="1"/><counter type="COMPLEXITY" missed="0" covered="1"/><counter type="METHOD" missed="0" covered="1"/></method><counter type="INSTRUCTION" missed="38" covered="82"/><counter type="BRANCH" missed="3" covered="3"/><counter type="LINE" missed="7" covered="20"/><counter type="COMPLEXITY" missed="4" covered="9"/><counter type="METHOD" missed="2" covered="8"/><counter type="CLASS" missed="0" covered="1"/></class><class name="com/squareup/javapoet/CodeWriter" sourcefilename="CodeWriter.java"><method name="&lt;init&gt;" desc="(Ljava/lang/Appendable;)V" line="70"><counter type="INSTRUCTION" missed="0" covered="6"/><counter type="LINE" missed="0" covered="2"/><counter type="COMPLEXITY" missed="0" covered="1"/><counter type="METHOD" missed="0" covered="1"/></method><method name="&lt;init&gt;" desc="(Ljava/lang/Appendable;Ljava/lang/String;Ljava/util/Set;)V" line="74"><counter type="INSTRUCTION" missed="0" covered="7"/><counter type="LINE" missed="0" covered="2"/><counter type="COMPLEXITY" missed="0" covered="1"/><counter type="METHOD" missed="0" covered="1"/></method><method name="&lt;init&gt;" desc="(Ljava/lang/Appendable;Ljava/lang/String;Ljava/util/Map;Ljava/util/Set;)V" line="51"><counter type="INSTRUCTION" missed="0" covered="88"/><counter type="BRANCH" missed="0" covered="2"/><counter type="LINE" missed="0" covered="17"/><counter type="COMPLEXITY" missed="0" covered="2"/><counter type="METHOD" missed="0" covered="1"/></method><method name="importedTypes" desc="()Ljava/util/Map;" line="90"><counter type="INSTRUCTION" missed="0" covered="3"/><counter type="LINE" missed="0" covered="1"/><counter type="COMPLEXITY" missed="0" covered="1"/><counter type="METHOD" missed="0" covered="1"/></method><method name="indent" desc="()Lcom/squareup/javapoet/CodeWriter;" line="94"><counter type="INSTRUCTION" missed="0" covered="4"/><counter type="LINE" missed="0" covered="1"/><counter type="COMPLEXITY" missed="0" covered="1"/><counter type="METHOD" missed="0" covered="1"/></method><method name="indent" desc="(I)Lcom/squareup/javapoet/CodeWriter;" line="98"><counter type="INSTRUCTION" missed="0" covered="8"/><counter type="LINE" missed="0" covered="2"/><counter type="COMPLEXITY" missed="0" covered="1"/><counter type="METHOD" missed="0" covered="1"/></method><method name="unindent" desc="()Lcom/squareup/javapoet/CodeWriter;" line="103"><counter type="INSTRUCTION" missed="0" covered="4"/><counter type="LINE" missed="0" covered="1"/><counter type="COMPLEXITY" missed="0" covered="1"/><counter type="METHOD" missed="0" covered="1"/></method><method name="unindent" desc="(I)Lcom/squareup/javapoet/CodeWriter;" line="107"><counter type="INSTRUCTION" missed="1" covered="30"/><counter type="BRANCH" missed="1" covered="1"/><counter type="LINE" missed="0" covered="3"/><counter type="COMPLEXITY" missed="1" covered="1"/><counter type="METHOD" missed="0" covered="1"/></method><method name="pushPackage" desc="(Ljava/lang/String;)Lcom/squareup/javapoet/CodeWriter;" line="113"><counter type="INSTRUCTION" missed="1" covered="25"/><counter type="BRANCH" missed="1" covered="1"/><counter type="LINE" missed="0" covered="3"/><counter type="COMPLEXITY" missed="1" covered="1"/><counter type="METHOD" missed="0" covered="1"/></method><method name="popPackage" desc="()Lcom/squareup/javapoet/CodeWriter;" line="119"><counter type="INSTRUCTION" missed="1" covered="20"/><counter type="BRANCH" missed="1" covered="1"/><counter type="LINE" missed="0" covered="3"/><counter type="COMPLEXITY" missed="1" covered="1"/><counter type="METHOD" missed="0" covered="1"/></method><method name="pushType" desc="(Lcom/squareup/javapoet/TypeSpec;)Lcom/squareup/javapoet/CodeWriter;" line="125"><counter type="INSTRUCTION" missed="0" covered="7"/><counter type="LINE" missed="0" covered="2"/><counter type="COMPLEXITY" missed="0" covered="1"/><counter type="METHOD" missed="0" covered="1"/></method><method name="popType" desc="()Lcom/squareup/javapoet/CodeWriter;" line="130"><counter type="INSTRUCTION" missed="0" covered="11"/><counter type="LINE" missed="0" covered="2"/><counter type="COMPLEXITY" missed="0" covered="1"/><counter type="METHOD" missed="0" covered="1"/></method><method name="emitComment" desc="(Lcom/squareup/javapoet/CodeBlock;)V" line="135"><counter type="INSTRUCTION" missed="0" covered="20"/><counter type="LINE" missed="0" covered="6"/><counter type="COMPLEXITY" missed="0" covered="1"/><counter type="METHOD" missed="0" covered="1"/></method><method name="emitJavadoc" desc="(Lcom/squareup/javapoet/CodeBlock;)V" line="146"><counter type="INSTRUCTION" missed="0" covered="27"/><counter type="BRANCH" missed="0" covered="2"/><counter type="LINE" missed="0" covered="7"/><counter type="COMPLEXITY" missed="0" covered="2"/><counter type="METHOD" missed="0" covered="1"/></method><method name="emitAnnotations" desc="(Ljava/util/List;Z)V" line="159"><counter type="INSTRUCTION" missed="0" covered="26"/><counter type="BRANCH" missed="0" covered="4"/><counter type="LINE" missed="0" covered="5"/><counter type="COMPLEXITY" missed="0" covered="3"/><counter type="METHOD" missed="0" covered="1"/></method><method name="emitModifiers" desc="(Ljava/util/Set;Ljava/util/Set;)V" line="171"><counter type="INSTRUCTION" missed="0" covered="33"/><counter type="BRANCH" missed="0" covered="6"/><counter type="LINE" missed="0" covered="7"/><counter type="COMPLEXITY" missed="0" covered="4"/><counter type="METHOD" missed="0" covered="1"/></method><method name="emitModifiers" desc="(Ljava/util/Set;)V" line="180"><counter type="INSTRUCTION" missed="0" covered="5"/><counter type="LINE" missed="0" covered="2"/><counter type="COMPLEXITY" missed="0" covered="1"/><counter type="METHOD" missed="0" covered="1"/></method><method name="emitTypeVariables" desc="(Ljava/util/List;)V" line="188"><counter type="INSTRUCTION" missed="0" covered="81"/><counter type="BRANCH" missed="0" covered="10"/><counter type="LINE" missed="0" covered="15"/><counter type="COMPLEXITY" missed="0" covered="6"/><counter type="METHOD" missed="0" covered="1"/></method><method name="emit" desc="(Ljava/lang/String;[Ljava/lang/Object;)Lcom/squareup/javapoet/CodeWriter;" line="206"><counter type="INSTRUCTION" missed="0" covered="6"/><counter type="LINE" missed="0" covered="1"/><counter type="COMPLEXITY" missed="0" covered="1"/><counter type="METHOD" missed="0" covered="1"/></method><method name="emit" desc="(Lcom/squareup/javapoet/CodeBlock;)Lcom/squareup/javapoet/CodeWriter;" line="210"><counter type="INSTRUCTION" missed="1" covered="195"/><counter type="BRANCH" missed="2" covered="36"/><counter type="LINE" missed="0" covered="51"/><counter type="COMPLEXITY" missed="2" covered="22"/><counter type="METHOD" missed="0" covered="1"/></method><method name="extractMemberName" desc="(Ljava/lang/String;)Ljava/lang/String;" line="298"><counter type="INSTRUCTION" missed="0" covered="35"/><counter type="BRANCH" missed="0" covered="4"/><counter type="LINE" missed="0" covered="5"/><counter type="COMPLEXITY" missed="0" covered="3"/><counter type="METHOD" missed="0" covered="1"/></method><method name="emitStaticImportMember" desc="(Ljava/lang/String;Ljava/lang/String;)Z" line="308"><counter type="INSTRUCTION" missed="0" covered="57"/><counter type="BRANCH" missed="0" covered="8"/><counter type="LINE" missed="0" covered="10"/><counter type="COMPLEXITY" missed="0" covered="5"/><counter type="METHOD" missed="0" covered="1"/></method><method name="emitLiteral" desc="(Ljava/lang/Object;)V" line="322"><counter type="INSTRUCTION" missed="0" covered="40"/><counter type="BRANCH" missed="0" covered="6"/><counter type="LINE" missed="0" covered="12"/><counter type="COMPLEXITY" missed="0" covered="4"/><counter type="METHOD" missed="0" covered="1"/></method><method name="lookupName" desc="(Lcom/squareup/javapoet/ClassName;)Ljava/lang/String;" line="344"><counter type="INSTRUCTION" missed="0" covered="73"/><counter type="BRANCH" missed="0" covered="12"/><counter type="LINE" missed="0" covered="16"/><counter type="COMPLEXITY" missed="0" covered="7"/><counter type="METHOD" missed="0" covered="1"/></method><method name="importableType" desc="(Lcom/squareup/javapoet/ClassName;)V" line="376"><counter type="INSTRUCTION" missed="0" covered="27"/><counter type="BRANCH" missed="0" covered="4"/><counter type="LINE" missed="0" covered="8"/><counter type="COMPLEXITY" missed="0" covered="3"/><counter type="METHOD" missed="0" covered="1"/></method><method name="resolve" desc="(Ljava/lang/String;)Lcom/squareup/javapoet/ClassName;" line="394"><counter type="INSTRUCTION" missed="0" covered="70"/><counter type="BRANCH" missed="0" covered="12"/><counter type="LINE" missed="0" covered="11"/><counter type="COMPLEXITY" missed="0" covered="7"/><counter type="METHOD" missed="0" covered="1"/></method><method name="stackClassName" desc="(ILjava/lang/String;)Lcom/squareup/javapoet/ClassName;" line="418"><counter type="INSTRUCTION" missed="0" covered="32"/><counter type="BRANCH" missed="0" covered="2"/><counter type="LINE" missed="0" covered="4"/><counter type="COMPLEXITY" missed="0" covered="2"/><counter type="METHOD" missed="0" covered="1"/></method><method name="emitAndIndent" desc="(Ljava/lang/String;)Lcom/squareup/javapoet/CodeWriter;" line="431"><counter type="INSTRUCTION" missed="0" covered="107"/><counter type="BRANCH" missed="0" covered="24"/><counter type="LINE" missed="0" covered="23"/><counter type="COMPLEXITY" missed="0" covered="13"/><counter type="METHOD" missed="0" covered="1"/></method><method name="emitIndentation" desc="()V" line="469"><counter type="INSTRUCTION" missed="0" covered="15"/><counter type="BRANCH" missed="0" covered="2"/><counter type="LINE" missed="0" covered="3"/><counter type="COMPLEXITY" missed="0" covered="2"/><counter type="METHOD" missed="0" covered="1"/></method><method name="suggestedImports" desc="()Ljava/util/Map;" line="479"><counter type="INSTRUCTION" missed="0" covered="14"/><counter type="LINE" missed="0" covered="3"/><counter type="COMPLEXITY" missed="0" covered="1"/><counter type="METHOD" missed="0" covered="1"/></method><method name="&lt;clinit&gt;" desc="()V" line="45"><counter type="INSTRUCTION" missed="0" covered="5"/><counter type="LINE" missed="0" covered="1"/><counter type="COMPLEXITY" missed="0" covered="1"/><counter type="METHOD" missed="0" covered="1"/></method><counter type="INSTRUCTION" missed="4" covered="1081"/><counter type="BRANCH" missed="5" covered="137"/><counter type="LINE" missed="0" covered="229"/><counter type="COMPLEXITY" missed="5" covered="101"/><counter type="METHOD" missed="0" covered="31"/><counter type="CLASS" missed="0" covered="1"/></class><class name="com/squareup/javapoet/MethodSpec$Builder" sourcefilename="MethodSpec.java"><method name="&lt;init&gt;" desc="(Ljava/lang/String;)V" line="284"><counter type="INSTRUCTION" missed="1" covered="63"/><counter type="BRANCH" missed="1" covered="5"/><counter type="LINE" missed="0" covered="12"/><counter type="COMPLEXITY" missed="1" covered="3"/><counter type="METHOD" missed="0" covered="1"/></method><method name="addJavadoc" desc="(Ljava/lang/String;[Ljava/lang/Object;)Lcom/squareup/javapoet/MethodSpec$Builder;" line="303"><counter type="INSTRUCTION" missed="0" covered="8"/><counter type="LINE" missed="0" covered="2"/><counter type="COMPLEXITY" missed="0" covered="1"/><counter type="METHOD" missed="0" covered="1"/></method><method name="addAnnotations" desc="(Ljava/lang/Iterable;)Lcom/squareup/javapoet/MethodSpec$Builder;" line="308"><counter type="INSTRUCTION" missed="24" covered="3"/><counter type="BRANCH" missed="3" covered="1"/><counter type="LINE" missed="4" covered="1"/><counter type="COMPLEXITY" missed="2" covered="1"/><counter type="METHOD" missed="0" covered="1"/></method><method name="addAnnotation" desc="(Lcom/squareup/javapoet/AnnotationSpec;)Lcom/squareup/javapoet/MethodSpec$Builder;" line="316"><counter type="INSTRUCTION" missed="0" covered="7"/><counter type="LINE" missed="0" covered="2"/><counter type="COMPLEXITY" missed="0" covered="1"/><counter type="METHOD" missed="0" covered="1"/></method><method name="addAnnotation" desc="(Lcom/squareup/javapoet/ClassName;)Lcom/squareup/javapoet/MethodSpec$Builder;" line="321"><counter type="INSTRUCTION" missed="0" covered="9"/><counter type="LINE" missed="0" covered="2"/><counter type="COMPLEXITY" missed="0" covered="1"/><counter type="METHOD" missed="0" covered="1"/></method><method name="addAnnotation" desc="(Ljava/lang/Class;)Lcom/squareup/javapoet/MethodSpec$Builder;" line="326"><counter type="INSTRUCTION" missed="0" covered="5"/><counter type="LINE" missed="0" covered="1"/><counter type="COMPLEXITY" missed="0" covered="1"/><counter type="METHOD" missed="0" covered="1"/></method><method name="addModifiers" desc="([Ljavax/lang/model/element/Modifier;)Lcom/squareup/javapoet/MethodSpec$Builder;" line="330"><counter type="INSTRUCTION" missed="0" covered="7"/><counter type="LINE" missed="0" covered="2"/><counter type="COMPLEXITY" missed="0" covered="1"/><counter type="METHOD" missed="0" covered="1"/></method><method name="addModifiers" desc="(Ljava/lang/Iterable;)Lcom/squareup/javapoet/MethodSpec$Builder;" line="335"><counter type="INSTRUCTION" missed="0" covered="24"/><counter type="BRANCH" missed="0" covered="2"/><counter type="LINE" missed="0" covered="5"/><counter type="COMPLEXITY" missed="0" covered="2"/><counter type="METHOD" missed="0" covered="1"/></method><method name="addTypeVariables" desc="(Ljava/lang/Iterable;)Lcom/squareup/javapoet/MethodSpec$Builder;" line="343"><counter type="INSTRUCTION" missed="24" covered="3"/><counter type="BRANCH" missed="3" covered="1"/><counter type="LINE" missed="4" covered="1"/><counter type="COMPLEXITY" missed="2" covered="1"/><counter type="METHOD" missed="0" covered="1"/></method><method name="addTypeVariable" desc="(Lcom/squareup/javapoet/TypeVariableName;)Lcom/squareup/javapoet/MethodSpec$Builder;" line="351"><counter type="INSTRUCTION" missed="0" covered="7"/><counter type="LINE" missed="0" covered="2"/><counter type="COMPLEXITY" missed="0" covered="1"/><counter type="METHOD" missed="0" covered="1"/></method><method name="returns" desc="(Lcom/squareup/javapoet/TypeName;)Lcom/squareup/javapoet/MethodSpec$Builder;" line="356"><counter type="INSTRUCTION" missed="1" covered="16"/><counter type="BRANCH" missed="1" covered="1"/><counter type="LINE" missed="0" covered="3"/><counter type="COMPLEXITY" missed="1" covered="1"/><counter type="METHOD" missed="0" covered="1"/></method><method name="returns" desc="(Ljava/lang/reflect/Type;)Lcom/squareup/javapoet/MethodSpec$Builder;" line="362"><counter type="INSTRUCTION" missed="0" covered="5"/><counter type="LINE" missed="0" covered="1"/><counter type="COMPLEXITY" missed="0" covered="1"/><counter type="METHOD" missed="0" covered="1"/></method><method name="addParameters" desc="(Ljava/lang/Iterable;)Lcom/squareup/javapoet/MethodSpec$Builder;" line="366"><counter type="INSTRUCTION" missed="24" covered="3"/><counter type="BRANCH" missed="3" covered="1"/><counter type="LINE" missed="4" covered="1"/><counter type="COMPLEXITY" missed="2" covered="1"/><counter type="METHOD" missed="0" covered="1"/></method><method name="addParameter" desc="(Lcom/squareup/javapoet/ParameterSpec;)Lcom/squareup/javapoet/MethodSpec$Builder;" line="374"><counter type="INSTRUCTION" missed="0" covered="7"/><counter type="LINE" missed="0" covered="2"/><counter type="COMPLEXITY" missed="0" covered="1"/><counter type="METHOD" missed="0" covered="1"/></method><method name="addParameter" desc="(Lcom/squareup/javapoet/TypeName;Ljava/lang/String;[Ljavax/lang/model/element/Modifier;)Lcom/squareup/javapoet/MethodSpec$Builder;" line="379"><counter type="INSTRUCTION" missed="0" covered="8"/><counter type="LINE" missed="0" covered="1"/><counter type="COMPLEXITY" missed="0" covered="1"/><counter type="METHOD" missed="0" covered="1"/></method><method name="addParameter" desc="(Ljava/lang/reflect/Type;Ljava/lang/String;[Ljavax/lang/model/element/Modifier;)Lcom/squareup/javapoet/MethodSpec$Builder;" line="383"><counter type="INSTRUCTION" missed="0" covered="7"/><counter type="LINE" missed="0" covered="1"/><counter type="COMPLEXITY" missed="0" covered="1"/><counter type="METHOD" missed="0" covered="1"/></method><method name="varargs" desc="()Lcom/squareup/javapoet/MethodSpec$Builder;" line="387"><counter type="INSTRUCTION" missed="0" covered="4"/><counter type="LINE" missed="0" covered="1"/><counter type="COMPLEXITY" missed="0" covered="1"/><counter type="METHOD" missed="0" covered="1"/></method><method name="varargs" desc="(Z)Lcom/squareup/javapoet/MethodSpec$Builder;" line="391"><counter type="INSTRUCTION" missed="0" covered="5"/><counter type="LINE" missed="0" covered="2"/><counter type="COMPLEXITY" missed="0" covered="1"/><counter type="METHOD" missed="0" covered="1"/></method><method name="addExceptions" desc="(Ljava/lang/Iterable;)Lcom/squareup/javapoet/MethodSpec$Builder;" line="396"><counter type="INSTRUCTION" missed="24" covered="3"/><counter type="BRANCH" missed="3" covered="1"/><counter type="LINE" missed="4" covered="1"/><counter type="COMPLEXITY" missed="2" covered="1"/><counter type="METHOD" missed="0" covered="1"/></method><method name="addException" desc="(Lcom/squareup/javapoet/TypeName;)Lcom/squareup/javapoet/MethodSpec$Builder;" line="404"><counter type="INSTRUCTION" missed="0" covered="7"/><counter type="LINE" missed="0" covered="2"/><counter type="COMPLEXITY" missed="0" covered="1"/><counter type="METHOD" missed="0" covered="1"/></method><method name="addException" desc="(Ljava/lang/reflect/Type;)Lcom/squareup/javapoet/MethodSpec$Builder;" line="409"><counter type="INSTRUCTION" missed="0" covered="5"/><counter type="LINE" missed="0" covered="1"/><counter type="COMPLEXITY" missed="0" covered="1"/><counter type="METHOD" missed="0" covered="1"/></method><method name="addCode" desc="(Ljava/lang/String;[Ljava/lang/Object;)Lcom/squareup/javapoet/MethodSpec$Builder;" line="413"><counter type="INSTRUCTION" missed="0" covered="8"/><counter type="LINE" missed="0" covered="2"/><counter type="COMPLEXITY" missed="0" covered="1"/><counter type="METHOD" missed="0" covered="1"/></method><method name="addCode" desc="(Lcom/squareup/javapoet/CodeBlock;)Lcom/squareup/javapoet/MethodSpec$Builder;" line="418"><counter type="INSTRUCTION" missed="0" covered="7"/><counter type="LINE" missed="0" covered="2"/><counter type="COMPLEXITY" missed="0" covered="1"/><counter type="METHOD" missed="0" covered="1"/></method><method name="defaultValue" desc="(Ljava/lang/String;[Ljava/lang/Object;)Lcom/squareup/javapoet/MethodSpec$Builder;" line="423"><counter type="INSTRUCTION" missed="0" covered="6"/><counter type="LINE" missed="0" covered="1"/><counter type="COMPLEXITY" missed="0" covered="1"/><counter type="METHOD" missed="0" covered="1"/></method><method name="defaultValue" desc="(Lcom/squareup/javapoet/CodeBlock;)Lcom/squareup/javapoet/MethodSpec$Builder;" line="427"><counter type="INSTRUCTION" missed="1" covered="19"/><counter type="BRANCH" missed="1" covered="1"/><counter type="LINE" missed="0" covered="3"/><counter type="COMPLEXITY" missed="1" covered="1"/><counter type="METHOD" missed="0" covered="1"/></method><method name="beginControlFlow" desc="(Ljava/lang/String;[Ljava/lang/Object;)Lcom/squareup/javapoet/MethodSpec$Builder;" line="437"><counter type="INSTRUCTION" missed="0" covered="8"/><counter type="LINE" missed="0" covered="2"/><counter type="COMPLEXITY" missed="0" covered="1"/><counter type="METHOD" missed="0" covered="1"/></method><method name="nextControlFlow" desc="(Ljava/lang/String;[Ljava/lang/Object;)Lcom/squareup/javapoet/MethodSpec$Builder;" line="446"><counter type="INSTRUCTION" missed="0" covered="8"/><counter type="LINE" missed="0" covered="2"/><counter type="COMPLEXITY" missed="0" covered="1"/><counter type="METHOD" missed="0" covered="1"/></method><method name="endControlFlow" desc="()Lcom/squareup/javapoet/MethodSpec$Builder;" line="451"><counter type="INSTRUCTION" missed="0" covered="6"/><counter type="LINE" missed="0" covered="2"/><counter type="COMPLEXITY" missed="0" covered="1"/><counter type="METHOD" missed="0" covered="1"/></method><method name="endControlFlow" desc="(Ljava/lang/String;[Ljava/lang/Object;)Lcom/squareup/javapoet/MethodSpec$Builder;" line="460"><counter type="INSTRUCTION" missed="0" covered="8"/><counter type="LINE" missed="0" covered="2"/><counter type="COMPLEXITY" missed="0" covered="1"/><counter type="METHOD" missed="0" covered="1"/></method><method name="addStatement" desc="(Ljava/lang/String;[Ljava/lang/Object;)Lcom/squareup/javapoet/MethodSpec$Builder;" line="465"><counter type="INSTRUCTION" missed="0" covered="8"/><counter type="LINE" missed="0" covered="2"/><counter type="COMPLEXITY" missed="0" covered="1"/><counter type="METHOD" missed="0" covered="1"/></method><method name="build" desc="()Lcom/squareup/javapoet/MethodSpec;" line="470"><counter type="INSTRUCTION" missed="0" covered="6"/><counter type="LINE" missed="0" covered="1"/><counter type="COMPLEXITY" missed="0" covered="1"/><counter type="METHOD" missed="0" covered="1"/></method><counter type="INSTRUCTION" missed="99" covered="290"/><counter type="BRANCH" missed="15" covered="13"/><counter type="LINE" missed="16" covered="65"/><counter type="COMPLEXITY" missed="11" covered="34"/><counter type="METHOD" missed="0" covered="31"/><counter type="CLASS" missed="0" covered="1"/></class><class name="com/squareup/javapoet/WildcardTypeName" sourcefilename="WildcardTypeName.java"><method name="&lt;init&gt;" desc="(Ljava/util/List;Ljava/util/List;)V" line="37"><counter type="INSTRUCTION" missed="0" covered="8"/><counter type="LINE" missed="0" covered="2"/><counter type="COMPLEXITY" missed="0" covered="1"/><counter type="METHOD" missed="0" covered="1"/></method><method name="&lt;init&gt;" desc="(Ljava/util/List;Ljava/util/List;Ljava/util/List;)V" line="42"><counter type="INSTRUCTION" missed="3" covered="83"/><counter type="BRANCH" missed="5" covered="9"/><counter type="LINE" missed="0" covered="11"/><counter type="COMPLEXITY" missed="5" covered="3"/><counter type="METHOD" missed="0" covered="1"/></method><method name="annotated" desc="(Ljava/util/List;)Lcom/squareup/javapoet/WildcardTypeName;" line="58"><counter type="INSTRUCTION" missed="11" covered="0"/><counter type="LINE" missed="1" covered="0"/><counter type="COMPLEXITY" missed="1" covered="0"/><counter type="METHOD" missed="1" covered="0"/></method><method name="withoutAnnotations" desc="()Lcom/squareup/javapoet/TypeName;" line="62"><counter type="INSTRUCTION" missed="8" covered="0"/><counter type="LINE" missed="1" covered="0"/><counter type="COMPLEXITY" missed="1" covered="0"/><counter type="METHOD" missed="1" covered="0"/></method><method name="emit" desc="(Lcom/squareup/javapoet/CodeWriter;)Lcom/squareup/javapoet/CodeWriter;" line="66"><counter type="INSTRUCTION" missed="0" covered="45"/><counter type="BRANCH" missed="0" covered="4"/><counter type="LINE" missed="0" covered="5"/><counter type="COMPLEXITY" missed="0" covered="3"/><counter type="METHOD" missed="0" covered="1"/></method><method name="subtypeOf" desc="(Lcom/squareup/javapoet/TypeName;)Lcom/squareup/javapoet/WildcardTypeName;" line="81"><counter type="INSTRUCTION" missed="0" covered="12"/><counter type="LINE" missed="0" covered="1"/><counter type="COMPLEXITY" missed="0" covered="1"/><counter type="METHOD" missed="0" covered="1"/></method><method name="subtypeOf" desc="(Ljava/lang/reflect/Type;)Lcom/squareup/javapoet/WildcardTypeName;" line="85"><counter type="INSTRUCTION" missed="0" covered="4"/><counter type="LINE" missed="0" covered="1"/><counter type="COMPLEXITY" missed="0" covered="1"/><counter type="METHOD" missed="0" covered="1"/></method><method name="supertypeOf" desc="(Lcom/squareup/javapoet/TypeName;)Lcom/squareup/javapoet/WildcardTypeName;" line="93"><counter type="INSTRUCTION" missed="0" covered="18"/><counter type="LINE" missed="0" covered="1"/><counter type="COMPLEXITY" missed="0" covered="1"/><counter type="METHOD" missed="0" covered="1"/></method><method name="supertypeOf" desc="(Ljava/lang/reflect/Type;)Lcom/squareup/javapoet/WildcardTypeName;" line="97"><counter type="INSTRUCTION" missed="0" covered="4"/><counter type="LINE" missed="0" covered="1"/><counter type="COMPLEXITY" missed="0" covered="1"/><counter type="METHOD" missed="0" covered="1"/></method><method name="get" desc="(Ljavax/lang/model/type/WildcardType;)Lcom/squareup/javapoet/TypeName;" line="101"><counter type="INSTRUCTION" missed="6" covered="0"/><counter type="LINE" missed="1" covered="0"/><counter type="COMPLEXITY" missed="1" covered="0"/><counter type="METHOD" missed="1" covered="0"/></method><method name="get" desc="(Ljavax/lang/model/type/WildcardType;Ljava/util/Map;)Lcom/squareup/javapoet/TypeName;" line="107"><counter type="INSTRUCTION" missed="0" covered="23"/><counter type="BRANCH" missed="0" covered="4"/><counter type="LINE" missed="0" covered="7"/><counter type="COMPLEXITY" missed="0" covered="3"/><counter type="METHOD" missed="0" covered="1"/></method><method name="get" desc="(Ljava/lang/reflect/WildcardType;)Lcom/squareup/javapoet/TypeName;" line="121"><counter type="INSTRUCTION" missed="6" covered="0"/><counter type="LINE" missed="1" covered="0"/><counter type="COMPLEXITY" missed="1" covered="0"/><counter type="METHOD" missed="1" covered="0"/></method><method name="get" desc="(Ljava/lang/reflect/WildcardType;Ljava/util/Map;)Lcom/squareup/javapoet/TypeName;" line="125"><counter type="INSTRUCTION" missed="12" covered="0"/><counter type="LINE" missed="3" covered="0"/><counter type="COMPLEXITY" missed="1" covered="0"/><counter type="METHOD" missed="1" covered="0"/></method><counter type="INSTRUCTION" missed="46" covered="197"/><counter type="BRANCH" missed="5" covered="17"/><counter type="LINE" missed="7" covered="29"/><counter type="COMPLEXITY" missed="10" covered="14"/><counter type="METHOD" missed="5" covered="8"/><counter type="CLASS" missed="0" covered="1"/></class><class name="com/squareup/javapoet/CodeBlock" sourcefilename="CodeBlock.java"><method name="&lt;init&gt;" desc="(Lcom/squareup/javapoet/CodeBlock$Builder;)V" line="63"><counter type="INSTRUCTION" missed="0" covered="13"/><counter type="LINE" missed="0" covered="4"/><counter type="COMPLEXITY" missed="0" covered="1"/><counter type="METHOD" missed="0" covered="1"/></method><method name="isEmpty" desc="()Z" line="69"><counter type="INSTRUCTION" missed="0" covered="4"/><counter type="LINE" missed="0" covered="1"/><counter type="COMPLEXITY" missed="0" covered="1"/><counter type="METHOD" missed="0" covered="1"/></method><method name="equals" desc="(Ljava/lang/Object;)Z" line="73"><counter type="INSTRUCTION" missed="6" covered="16"/><counter type="BRANCH" missed="3" covered="3"/><counter type="LINE" missed="0" covered="4"/><counter type="COMPLEXITY" missed="3" covered="1"/><counter type="METHOD" missed="0" covered="1"/></method><method name="hashCode" desc="()I" line="80"><counter type="INSTRUCTION" missed="0" covered="4"/><counter type="LINE" missed="0" covered="1"/><counter type="COMPLEXITY" missed="0" covered="1"/><counter type="METHOD" missed="0" covered="1"/></method><method name="toString" desc="()Ljava/lang/String;" line="84"><counter type="INSTRUCTION" missed="5" covered="14"/><counter type="LINE" missed="2" covered="3"/><counter type="COMPLEXITY" missed="0" covered="1"/><counter type="METHOD" missed="0" covered="1"/></method><method name="of" desc="(Ljava/lang/String;[Ljava/lang/Object;)Lcom/squareup/javapoet/CodeBlock;" line="94"><counter type="INSTRUCTION" missed="0" covered="9"/><counter type="LINE" missed="0" covered="1"/><counter type="COMPLEXITY" missed="0" covered="1"/><counter type="METHOD" missed="0" covered="1"/></method><method name="builder" desc="()Lcom/squareup/javapoet/CodeBlock$Builder;" line="98"><counter type="INSTRUCTION" missed="0" covered="5"/><counter type="LINE" missed="0" covered="1"/><counter type="COMPLEXITY" missed="0" covered="1"/><counter type="METHOD" missed="0" covered="1"/></method><method name="toBuilder" desc="()Lcom/squareup/javapoet/CodeBlock$Builder;" line="102"><counter type="INSTRUCTION" missed="19" covered="0"/><counter type="LINE" missed="4" covered="0"/><counter type="COMPLEXITY" missed="1" covered="0"/><counter type="METHOD" missed="1" covered="0"/></method><counter type="INSTRUCTION" missed="30" covered="65"/><counter type="BRANCH" missed="3" covered="3"/><counter type="LINE" missed="6" covered="15"/><counter type="COMPLEXITY" missed="4" covered="7"/><counter type="METHOD" missed="1" covered="7"/><counter type="CLASS" missed="0" covered="1"/></class><class name="com/squareup/javapoet/TypeSpec$Kind" sourcefilename="TypeSpec.java"><method name="&lt;init&gt;" desc="(Ljava/lang/String;ILjava/util/Set;Ljava/util/Set;Ljava/util/Set;Ljava/util/Set;)V" line="354"><counter type="INSTRUCTION" missed="0" covered="17"/><counter type="LINE" missed="0" covered="6"/><counter type="COMPLEXITY" missed="0" covered="1"/><counter type="METHOD" missed="0" covered="1"/></method><method name="&lt;clinit&gt;" desc="()V" line="321"><counter type="INSTRUCTION" missed="0" covered="149"/><counter type="LINE" missed="0" covered="21"/><counter type="COMPLEXITY" missed="0" covered="1"/><counter type="METHOD" missed="0" covered="1"/></method><counter type="INSTRUCTION" missed="0" covered="166"/><counter type="LINE" missed="0" covered="27"/><counter type="COMPLEXITY" missed="0" covered="2"/><counter type="METHOD" missed="0" covered="2"/><counter type="CLASS" missed="0" covered="1"/></class><class name="com/squareup/javapoet/CodeBlock$Builder" sourcefilename="CodeBlock.java"><method name="&lt;init&gt;" desc="()V" line="109"><counter type="INSTRUCTION" missed="0" covered="13"/><counter type="LINE" missed="0" covered="4"/><counter type="COMPLEXITY" missed="0" covered="1"/><counter type="METHOD" missed="0" covered="1"/></method><method name="add" desc="(Ljava/lang/String;[Ljava/lang/Object;)Lcom/squareup/javapoet/CodeBlock$Builder;" line="116"><counter type="INSTRUCTION" missed="1" covered="340"/><counter type="BRANCH" missed="1" covered="50"/><counter type="LINE" missed="0" covered="55"/><counter type="COMPLEXITY" missed="1" covered="27"/><counter type="METHOD" missed="0" covered="1"/></method><method name="argToName" desc="(Ljava/lang/Object;)Ljava/lang/String;" line="204"><counter type="INSTRUCTION" missed="0" covered="46"/><counter type="BRANCH" missed="0" covered="10"/><counter type="LINE" missed="0" covered="6"/><counter type="COMPLEXITY" missed="0" covered="6"/><counter type="METHOD" missed="0" covered="1"/></method><method name="argToLiteral" desc="(Ljava/lang/Object;)Ljava/lang/Object;" line="213"><counter type="INSTRUCTION" missed="0" covered="2"/><counter type="LINE" missed="0" covered="1"/><counter type="COMPLEXITY" missed="0" covered="1"/><counter type="METHOD" missed="0" covered="1"/></method><method name="argToString" desc="(Ljava/lang/Object;)Ljava/lang/String;" line="217"><counter type="INSTRUCTION" missed="0" covered="7"/><counter type="BRANCH" missed="0" covered="2"/><counter type="LINE" missed="0" covered="1"/><counter type="COMPLEXITY" missed="0" covered="2"/><counter type="METHOD" missed="0" covered="1"/></method><method name="argToType" desc="(Ljava/lang/Object;)Lcom/squareup/javapoet/TypeName;" line="221"><counter type="INSTRUCTION" missed="0" covered="40"/><counter type="BRANCH" missed="0" covered="8"/><counter type="LINE" missed="0" covered="5"/><counter type="COMPLEXITY" missed="0" covered="5"/><counter type="METHOD" missed="0" covered="1"/></method><method name="beginControlFlow" desc="(Ljava/lang/String;[Ljava/lang/Object;)Lcom/squareup/javapoet/CodeBlock$Builder;" line="233"><counter type="INSTRUCTION" missed="0" covered="17"/><counter type="LINE" missed="0" covered="3"/><counter type="COMPLEXITY" missed="0" covered="1"/><counter type="METHOD" missed="0" covered="1"/></method><method name="nextControlFlow" desc="(Ljava/lang/String;[Ljava/lang/Object;)Lcom/squareup/javapoet/CodeBlock$Builder;" line="243"><counter type="INSTRUCTION" missed="0" covered="22"/><counter type="LINE" missed="0" covered="4"/><counter type="COMPLEXITY" missed="0" covered="1"/><counter type="METHOD" missed="0" covered="1"/></method><method name="endControlFlow" desc="()Lcom/squareup/javapoet/CodeBlock$Builder;" line="250"><counter type="INSTRUCTION" missed="0" covered="11"/><counter type="LINE" missed="0" covered="3"/><counter type="COMPLEXITY" missed="0" covered="1"/><counter type="METHOD" missed="0" covered="1"/></method><method name="endControlFlow" desc="(Ljava/lang/String;[Ljava/lang/Object;)Lcom/squareup/javapoet/CodeBlock$Builder;" line="260"><counter type="INSTRUCTION" missed="0" covered="19"/><counter type="LINE" missed="0" covered="3"/><counter type="COMPLEXITY" missed="0" covered="1"/><counter type="METHOD" missed="0" covered="1"/></method><method name="addStatement" desc="(Ljava/lang/String;[Ljava/lang/Object;)Lcom/squareup/javapoet/CodeBlock$Builder;" line="266"><counter type="INSTRUCTION" missed="0" covered="19"/><counter type="LINE" missed="0" covered="4"/><counter type="COMPLEXITY" missed="0" covered="1"/><counter type="METHOD" missed="0" covered="1"/></method><method name="add" desc="(Lcom/squareup/javapoet/CodeBlock;)Lcom/squareup/javapoet/CodeBlock$Builder;" line="273"><counter type="INSTRUCTION" missed="0" covered="14"/><counter type="LINE" missed="0" covered="3"/><counter type="COMPLEXITY" missed="0" covered="1"/><counter type="METHOD" missed="0" covered="1"/></method><method name="indent" desc="()Lcom/squareup/javapoet/CodeBlock$Builder;" line="279"><counter type="INSTRUCTION" missed="0" covered="7"/><counter type="LINE" missed="0" covered="2"/><counter type="COMPLEXITY" missed="0" covered="1"/><counter type="METHOD" missed="0" covered="1"/></method><method name="unindent" desc="()Lcom/squareup/javapoet/CodeBlock$Builder;" line="284"><counter type="INSTRUCTION" missed="0" covered="7"/><counter type="LINE" missed="0" covered="2"/><counter type="COMPLEXITY" missed="0" covered="1"/><counter type="METHOD" missed="0" covered="1"/></method><method name="build" desc="()Lcom/squareup/javapoet/CodeBlock;" line="289"><counter type="INSTRUCTION" missed="0" covered="6"/><counter type="LINE" missed="0" covered="1"/><counter type="COMPLEXITY" missed="0" covered="1"/><counter type="METHOD" missed="0" covered="1"/></method><counter type="INSTRUCTION" missed="1" covered="570"/><counter type="BRANCH" missed="1" covered="70"/><counter type="LINE" missed="0" covered="97"/><counter type="COMPLEXITY" missed="1" covered="51"/><counter type="METHOD" missed="0" covered="15"/><counter type="CLASS" missed="0" covered="1"/></class><class name="com/squareup/javapoet/Util" sourcefilename="Util.java"><method name="immutableMultimap" desc="(Ljava/util/Map;)Ljava/util/Map;" line="51"><counter type="INSTRUCTION" missed="1" covered="33"/><counter type="BRANCH" missed="1" covered="3"/><counter type="LINE" missed="0" covered="6"/><counter type="COMPLEXITY" missed="1" covered="2"/><counter type="METHOD" missed="0" covered="1"/></method><method name="immutableMap" desc="(Ljava/util/Map;)Ljava/util/Map;" line="60"><counter type="INSTRUCTION" missed="0" covered="6"/><counter type="LINE" missed="0" covered="1"/><counter type="COMPLEXITY" missed="0" covered="1"/><counter type="METHOD" missed="0" covered="1"/></method><method name="checkArgument" desc="(ZLjava/lang/String;[Ljava/lang/Object;)V" line="64"><counter type="INSTRUCTION" missed="0" covered="10"/><counter type="BRANCH" missed="0" covered="2"/><counter type="LINE" missed="0" covered="2"/><counter type="COMPLEXITY" missed="0" covered="2"/><counter type="METHOD" missed="0" covered="1"/></method><method name="checkNotNull" desc="(Ljava/lang/Object;Ljava/lang/String;[Ljava/lang/Object;)Ljava/lang/Object;" line="68"><counter type="INSTRUCTION" missed="0" covered="11"/><counter type="BRANCH" missed="0" covered="2"/><counter type="LINE" missed="0" covered="2"/><counter type="COMPLEXITY" missed="0" covered="2"/><counter type="METHOD" missed="0" covered="1"/></method><method name="checkState" desc="(ZLjava/lang/String;[Ljava/lang/Object;)V" line="73"><counter type="INSTRUCTION" missed="0" covered="10"/><counter type="BRANCH" missed="0" covered="2"/><counter type="LINE" missed="0" covered="2"/><counter type="COMPLEXITY" missed="0" covered="2"/><counter type="METHOD" missed="0" covered="1"/></method><method name="immutableList" desc="(Ljava/util/List;)Ljava/util/List;" line="77"><counter type="INSTRUCTION" missed="0" covered="6"/><counter type="LINE" missed="0" covered="1"/><counter type="COMPLEXITY" missed="0" covered="1"/><counter type="METHOD" missed="0" covered="1"/></method><method name="immutableSet" desc="(Ljava/util/Collection;)Ljava/util/Set;" line="81"><counter type="INSTRUCTION" missed="0" covered="6"/><counter type="LINE" missed="0" covered="1"/><counter type="COMPLEXITY" missed="0" covered="1"/><counter type="METHOD" missed="0" covered="1"/></method><method name="join" desc="(Ljava/lang/String;Ljava/util/List;)Ljava/lang/String;" line="85"><counter type="INSTRUCTION" missed="0" covered="36"/><counter type="BRANCH" missed="0" covered="4"/><counter type="LINE" missed="0" covered="6"/><counter type="COMPLEXITY" missed="0" covered="3"/><counter type="METHOD" missed="0" covered="1"/></method><method name="union" desc="(Ljava/util/Set;Ljava/util/Set;)Ljava/util/Set;" line="95"><counter type="INSTRUCTION" missed="0" covered="14"/><counter type="LINE" missed="0" covered="4"/><counter type="COMPLEXITY" missed="0" covered="1"/><counter type="METHOD" missed="0" covered="1"/></method><method name="requireExactlyOneOf" desc="(Ljava/util/Set;[Ljavax/lang/model/element/Modifier;)V" line="102"><counter type="INSTRUCTION" missed="4" covered="44"/><counter type="BRANCH" missed="4" covered="6"/><counter type="LINE" missed="0" covered="7"/><counter type="COMPLEXITY" missed="3" covered="3"/><counter type="METHOD" missed="0" covered="1"/></method><method name="hasDefaultModifier" desc="(Ljava/util/Collection;)Z" line="112"><counter type="INSTRUCTION" missed="0" covered="10"/><counter type="BRANCH" missed="1" covered="3"/><counter type="LINE" missed="0" covered="1"/><counter type="COMPLEXITY" missed="1" covered="2"/><counter type="METHOD" missed="0" covered="1"/></method><method name="characterLiteralWithoutSingleQuotes" desc="(C)Ljava/lang/String;" line="117"><counter type="INSTRUCTION" missed="0" covered="34"/><counter type="BRANCH" missed="0" covered="11"/><counter type="LINE" missed="0" covered="10"/><counter type="COMPLEXITY" missed="0" covered="10"/><counter type="METHOD" missed="0" covered="1"/></method><method name="stringLiteralWithDoubleQuotes" desc="(Ljava/lang/String;Ljava/lang/String;)Ljava/lang/String;" line="133"><counter type="INSTRUCTION" missed="0" covered="63"/><counter type="BRANCH" missed="0" covered="8"/><counter type="LINE" missed="0" covered="12"/><counter type="COMPLEXITY" missed="0" covered="5"/><counter type="METHOD" missed="0" covered="1"/></method><method name="&lt;clinit&gt;" desc="()V" line="42"><counter type="INSTRUCTION" missed="1" covered="9"/><counter type="LINE" missed="1" covered="5"/><counter type="COMPLEXITY" missed="0" covered="1"/><counter type="METHOD" missed="0" covered="1"/></method><counter type="INSTRUCTION" missed="6" covered="292"/><counter type="BRANCH" missed="6" covered="41"/><counter type="LINE" missed="1" covered="60"/><counter type="COMPLEXITY" missed="5" covered="36"/><counter type="METHOD" missed="0" covered="14"/><counter type="CLASS" missed="0" covered="1"/></class><class name="com/squareup/javapoet/AnnotationSpec" sourcefilename="AnnotationSpec.java"><method name="&lt;init&gt;" desc="(Lcom/squareup/javapoet/AnnotationSpec$Builder;)V" line="48"><counter type="INSTRUCTION" missed="0" covered="12"/><counter type="LINE" missed="0" covered="4"/><counter type="COMPLEXITY" missed="0" covered="1"/><counter type="METHOD" missed="0" covered="1"/></method><method name="emit" desc="(Lcom/squareup/javapoet/CodeWriter;Z)V" line="54"><counter type="INSTRUCTION" missed="0" covered="147"/><counter type="BRANCH" missed="0" covered="14"/><counter type="LINE" missed="0" covered="20"/><counter type="COMPLEXITY" missed="0" covered="8"/><counter type="METHOD" missed="0" covered="1"/></method><method name="emitAnnotationValues" desc="(Lcom/squareup/javapoet/CodeWriter;Ljava/lang/String;Ljava/lang/String;Ljava/util/List;)V" line="89"><counter type="INSTRUCTION" missed="0" covered="82"/><counter type="BRANCH" missed="0" covered="6"/><counter type="LINE" missed="0" covered="16"/><counter type="COMPLEXITY" missed="0" covered="4"/><counter type="METHOD" missed="0" covered="1"/></method><method name="get" desc="(Ljava/lang/annotation/Annotation;)Lcom/squareup/javapoet/AnnotationSpec;" line="109"><counter type="INSTRUCTION" missed="0" covered="4"/><counter type="LINE" missed="0" covered="1"/><counter type="COMPLEXITY" missed="0" covered="1"/><counter type="METHOD" missed="0" covered="1"/></method><method name="get" desc="(Ljava/lang/annotation/Annotation;Z)Lcom/squareup/javapoet/AnnotationSpec;" line="113"><counter type="INSTRUCTION" missed="16" covered="92"/><counter type="BRANCH" missed="0" covered="12"/><counter type="LINE" missed="2" covered="18"/><counter type="COMPLEXITY" missed="0" covered="7"/><counter type="METHOD" missed="0" covered="1"/></method><method name="get" desc="(Ljavax/lang/model/element/AnnotationMirror;)Lcom/squareup/javapoet/AnnotationSpec;" line="148"><counter type="INSTRUCTION" missed="0" covered="45"/><counter type="BRANCH" missed="0" covered="2"/><counter type="LINE" missed="0" covered="9"/><counter type="COMPLEXITY" missed="0" covered="2"/><counter type="METHOD" missed="0" covered="1"/></method><method name="builder" desc="(Lcom/squareup/javapoet/ClassName;)Lcom/squareup/javapoet/AnnotationSpec$Builder;" line="160"><counter type="INSTRUCTION" missed="0" covered="12"/><counter type="LINE" missed="0" covered="2"/><counter type="COMPLEXITY" missed="0" covered="1"/><counter type="METHOD" missed="0" covered="1"/></method><method name="builder" desc="(Ljava/lang/Class;)Lcom/squareup/javapoet/AnnotationSpec$Builder;" line="165"><counter type="INSTRUCTION" missed="0" covered="4"/><counter type="LINE" missed="0" covered="1"/><counter type="COMPLEXITY" missed="0" covered="1"/><counter type="METHOD" missed="0" covered="1"/></method><method name="toBuilder" desc="()Lcom/squareup/javapoet/AnnotationSpec$Builder;" line="169"><counter type="INSTRUCTION" missed="0" covered="34"/><counter type="BRANCH" missed="0" covered="2"/><counter type="LINE" missed="0" covered="5"/><counter type="COMPLEXITY" missed="0" covered="2"/><counter type="METHOD" missed="0" covered="1"/></method><method name="equals" desc="(Ljava/lang/Object;)Z" line="177"><counter type="INSTRUCTION" missed="6" covered="16"/><counter type="BRANCH" missed="3" covered="3"/><counter type="LINE" missed="0" covered="4"/><counter type="COMPLEXITY" missed="3" covered="1"/><counter type="METHOD" missed="0" covered="1"/></method><method name="hashCode" desc="()I" line="184"><counter type="INSTRUCTION" missed="0" covered="4"/><counter type="LINE" missed="0" covered="1"/><counter type="COMPLEXITY" missed="0" covered="1"/><counter type="METHOD" missed="0" covered="1"/></method><method name="toString" desc="()Ljava/lang/String;" line="188"><counter type="INSTRUCTION" missed="5" covered="22"/><counter type="LINE" missed="2" covered="4"/><counter type="COMPLEXITY" missed="0" covered="1"/><counter type="METHOD" missed="0" covered="1"/></method><counter type="INSTRUCTION" missed="27" covered="474"/><counter type="BRANCH" missed="3" covered="39"/><counter type="LINE" missed="4" covered="85"/><counter type="COMPLEXITY" missed="3" covered="30"/><counter type="METHOD" missed="0" covered="12"/><counter type="CLASS" missed="0" covered="1"/></class><class name="com/squareup/javapoet/AnnotationSpec$1" sourcefilename="AnnotationSpec.java"><method name="&lt;init&gt;" desc="()V" line="116"><counter type="INSTRUCTION" missed="0" covered="3"/><counter type="LINE" missed="0" covered="1"/><counter type="COMPLEXITY" missed="0" covered="1"/><counter type="METHOD" missed="0" covered="1"/></method><method name="compare" desc="(Ljava/lang/reflect/Method;Ljava/lang/reflect/Method;)I" line="119"><counter type="INSTRUCTION" missed="0" covered="6"/><counter type="LINE" missed="0" covered="1"/><counter type="COMPLEXITY" missed="0" covered="1"/><counter type="METHOD" missed="0" covered="1"/></method><counter type="INSTRUCTION" missed="0" covered="9"/><counter type="LINE" missed="0" covered="2"/><counter type="COMPLEXITY" missed="0" covered="2"/><counter type="METHOD" missed="0" covered="2"/><counter type="CLASS" missed="0" covered="1"/></class><class name="com/squareup/javapoet/AnnotationSpec$Builder" sourcefilename="AnnotationSpec.java"><method name="&lt;init&gt;" desc="(Lcom/squareup/javapoet/TypeName;)V" line="200"><counter type="INSTRUCTION" missed="0" covered="11"/><counter type="LINE" missed="0" covered="4"/><counter type="COMPLEXITY" missed="0" covered="1"/><counter type="METHOD" missed="0" covered="1"/></method><method name="addMember" desc="(Ljava/lang/String;Ljava/lang/String;[Ljava/lang/Object;)Lcom/squareup/javapoet/AnnotationSpec$Builder;" line="207"><counter type="INSTRUCTION" missed="0" covered="7"/><counter type="LINE" missed="0" covered="1"/><counter type="COMPLEXITY" missed="0" covered="1"/><counter type="METHOD" missed="0" covered="1"/></method><method name="addMember" desc="(Ljava/lang/String;Lcom/squareup/javapoet/CodeBlock;)Lcom/squareup/javapoet/AnnotationSpec$Builder;" line="211"><counter type="INSTRUCTION" missed="0" covered="24"/><counter type="BRANCH" missed="0" covered="2"/><counter type="LINE" missed="0" covered="6"/><counter type="COMPLEXITY" missed="0" covered="2"/><counter type="METHOD" missed="0" covered="1"/></method><method name="addMemberForValue" desc="(Ljava/lang/String;Ljava/lang/Object;)Lcom/squareup/javapoet/AnnotationSpec$Builder;" line="226"><counter type="INSTRUCTION" missed="0" covered="107"/><counter type="BRANCH" missed="0" covered="10"/><counter type="LINE" missed="0" covered="13"/><counter type="COMPLEXITY" missed="0" covered="6"/><counter type="METHOD" missed="0" covered="1"/></method><method name="build" desc="()Lcom/squareup/javapoet/AnnotationSpec;" line="247"><counter type="INSTRUCTION" missed="0" covered="6"/><counter type="LINE" missed="0" covered="1"/><counter type="COMPLEXITY" missed="0" covered="1"/><counter type="METHOD" missed="0" covered="1"/></method><counter type="INSTRUCTION" missed="0" covered="155"/><counter type="BRANCH" missed="0" covered="12"/><counter type="LINE" missed="0" covered="25"/><counter type="COMPLEXITY" missed="0" covered="11"/><counter type="METHOD" missed="0" covered="5"/><counter type="CLASS" missed="0" covered="1"/></class><class name="com/squareup/javapoet/ParameterSpec" sourcefilename="ParameterSpec.java"><method name="&lt;init&gt;" desc="(Lcom/squareup/javapoet/ParameterSpec$Builder;)V" line="38"><counter type="INSTRUCTION" missed="0" covered="31"/><counter type="LINE" missed="0" covered="6"/><counter type="COMPLEXITY" missed="0" covered="1"/><counter type="METHOD" missed="0" covered="1"/></method><method name="hasModifier" desc="(Ljavax/lang/model/element/Modifier;)Z" line="46"><counter type="INSTRUCTION" missed="5" covered="0"/><counter type="LINE" missed="1" covered="0"/><counter type="COMPLEXITY" missed="1" covered="0"/><counter type="METHOD" missed="1" covered="0"/></method><method name="emit" desc="(Lcom/squareup/javapoet/CodeWriter;Z)V" line="50"><counter type="INSTRUCTION" missed="0" covered="46"/><counter type="BRANCH" missed="0" covered="2"/><counter type="LINE" missed="0" covered="6"/><counter type="COMPLEXITY" missed="0" covered="2"/><counter type="METHOD" missed="0" covered="1"/></method><method name="equals" desc="(Ljava/lang/Object;)Z" line="60"><counter type="INSTRUCTION" missed="6" covered="16"/><counter type="BRANCH" missed="3" covered="3"/><counter type="LINE" missed="0" covered="4"/><counter type="COMPLEXITY" missed="3" covered="1"/><counter type="METHOD" missed="0" covered="1"/></method><method name="hashCode" desc="()I" line="67"><counter type="INSTRUCTION" missed="0" covered="4"/><counter type="LINE" missed="0" covered="1"/><counter type="COMPLEXITY" missed="0" covered="1"/><counter type="METHOD" missed="0" covered="1"/></method><method name="toString" desc="()Ljava/lang/String;" line="71"><counter type="INSTRUCTION" missed="5" covered="16"/><counter type="LINE" missed="2" covered="4"/><counter type="COMPLEXITY" missed="0" covered="1"/><counter type="METHOD" missed="0" covered="1"/></method><method name="builder" desc="(Lcom/squareup/javapoet/TypeName;Ljava/lang/String;[Ljavax/lang/model/element/Modifier;)Lcom/squareup/javapoet/ParameterSpec$Builder;" line="82"><counter type="INSTRUCTION" missed="0" covered="25"/><counter type="LINE" missed="0" covered="4"/><counter type="COMPLEXITY" missed="0" covered="1"/><counter type="METHOD" missed="0" covered="1"/></method><method name="builder" desc="(Ljava/lang/reflect/Type;Ljava/lang/String;[Ljavax/lang/model/element/Modifier;)Lcom/squareup/javapoet/ParameterSpec$Builder;" line="89"><counter type="INSTRUCTION" missed="0" covered="6"/><counter type="LINE" missed="0" covered="1"/><counter type="COMPLEXITY" missed="0" covered="1"/><counter type="METHOD" missed="0" covered="1"/></method><method name="toBuilder" desc="()Lcom/squareup/javapoet/ParameterSpec$Builder;" line="93"><counter type="INSTRUCTION" missed="7" covered="0"/><counter type="LINE" missed="1" covered="0"/><counter type="COMPLEXITY" missed="1" covered="0"/><counter type="METHOD" missed="1" covered="0"/></method><method name="toBuilder" desc="(Lcom/squareup/javapoet/TypeName;Ljava/lang/String;)Lcom/squareup/javapoet/ParameterSpec$Builder;" line="97"><counter type="INSTRUCTION" missed="0" covered="21"/><counter type="LINE" missed="0" covered="4"/><counter type="COMPLEXITY" missed="0" covered="1"/><counter type="METHOD" missed="0" covered="1"/></method><counter type="INSTRUCTION" missed="23" covered="165"/><counter type="BRANCH" missed="3" covered="5"/><counter type="LINE" missed="4" covered="30"/><counter type="COMPLEXITY" missed="5" covered="9"/><counter type="METHOD" missed="2" covered="8"/><counter type="CLASS" missed="0" covered="1"/></class><class name="com/squareup/javapoet/TypeSpec$Builder" sourcefilename="TypeSpec.java"><method name="&lt;init&gt;" desc="(Lcom/squareup/javapoet/TypeSpec$Kind;Ljava/lang/String;Lcom/squareup/javapoet/CodeBlock;)V" line="367"><counter type="INSTRUCTION" missed="1" covered="84"/><counter type="BRANCH" missed="1" covered="3"/><counter type="LINE" missed="0" covered="19"/><counter type="COMPLEXITY" missed="1" covered="2"/><counter type="METHOD" missed="0" covered="1"/></method><method name="addJavadoc" desc="(Ljava/lang/String;[Ljava/lang/Object;)Lcom/squareup/javapoet/TypeSpec$Builder;" line="390"><counter type="INSTRUCTION" missed="0" covered="8"/><counter type="LINE" missed="0" covered="2"/><counter type="COMPLEXITY" missed="0" covered="1"/><counter type="METHOD" missed="0" covered="1"/></method><method name="addAnnotations" desc="(Ljava/lang/Iterable;)Lcom/squareup/javapoet/TypeSpec$Builder;" line="395"><counter type="INSTRUCTION" missed="0" covered="27"/><counter type="BRANCH" missed="0" covered="4"/><counter type="LINE" missed="0" covered="5"/><counter type="COMPLEXITY" missed="0" covered="3"/><counter type="METHOD" missed="0" covered="1"/></method><method name="addAnnotation" desc="(Lcom/squareup/javapoet/AnnotationSpec;)Lcom/squareup/javapoet/TypeSpec$Builder;" line="403"><counter type="INSTRUCTION" missed="0" covered="7"/><counter type="LINE" missed="0" covered="2"/><counter type="COMPLEXITY" missed="0" covered="1"/><counter type="METHOD" missed="0" covered="1"/></method><method name="addAnnotation" desc="(Lcom/squareup/javapoet/ClassName;)Lcom/squareup/javapoet/TypeSpec$Builder;" line="408"><counter type="INSTRUCTION" missed="0" covered="6"/><counter type="LINE" missed="0" covered="1"/><counter type="COMPLEXITY" missed="0" covered="1"/><counter type="METHOD" missed="0" covered="1"/></method><method name="addAnnotation" desc="(Ljava/lang/Class;)Lcom/squareup/javapoet/TypeSpec$Builder;" line="412"><counter type="INSTRUCTION" missed="0" covered="5"/><counter type="LINE" missed="0" covered="1"/><counter type="COMPLEXITY" missed="0" covered="1"/><counter type="METHOD" missed="0" covered="1"/></method><method name="addModifiers" desc="([Ljavax/lang/model/element/Modifier;)Lcom/squareup/javapoet/TypeSpec$Builder;" line="416"><counter type="INSTRUCTION" missed="1" covered="16"/><counter type="BRANCH" missed="1" covered="1"/><counter type="LINE" missed="0" covered="3"/><counter type="COMPLEXITY" missed="1" covered="1"/><counter type="METHOD" missed="0" covered="1"/></method><method name="addTypeVariables" desc="(Ljava/lang/Iterable;)Lcom/squareup/javapoet/TypeSpec$Builder;" line="422"><counter type="INSTRUCTION" missed="1" covered="36"/><counter type="BRANCH" missed="1" covered="5"/><counter type="LINE" missed="0" covered="6"/><counter type="COMPLEXITY" missed="1" covered="3"/><counter type="METHOD" missed="0" covered="1"/></method><method name="addTypeVariable" desc="(Lcom/squareup/javapoet/TypeVariableName;)Lcom/squareup/javapoet/TypeSpec$Builder;" line="431"><counter type="INSTRUCTION" missed="1" covered="16"/><counter type="BRANCH" missed="1" covered="1"/><counter type="LINE" missed="0" covered="3"/><counter type="COMPLEXITY" missed="1" covered="1"/><counter type="METHOD" missed="0" covered="1"/></method><method name="superclass" desc="(Lcom/squareup/javapoet/TypeName;)Lcom/squareup/javapoet/TypeSpec$Builder;" line="437"><counter type="INSTRUCTION" missed="0" covered="34"/><counter type="BRANCH" missed="0" covered="4"/><counter type="LINE" missed="0" covered="4"/><counter type="COMPLEXITY" missed="0" covered="3"/><counter type="METHOD" missed="0" covered="1"/></method><method name="superclass" desc="(Ljava/lang/reflect/Type;)Lcom/squareup/javapoet/TypeSpec$Builder;" line="445"><counter type="INSTRUCTION" missed="5" covered="0"/><counter type="LINE" missed="1" covered="0"/><counter type="COMPLEXITY" missed="1" covered="0"/><counter type="METHOD" missed="1" covered="0"/></method><method name="addSuperinterfaces" desc="(Ljava/lang/Iterable;)Lcom/squareup/javapoet/TypeSpec$Builder;" line="449"><counter type="INSTRUCTION" missed="0" covered="27"/><counter type="BRANCH" missed="0" covered="4"/><counter type="LINE" missed="0" covered="5"/><counter type="COMPLEXITY" missed="0" covered="3"/><counter type="METHOD" missed="0" covered="1"/></method><method name="addSuperinterface" desc="(Lcom/squareup/javapoet/TypeName;)Lcom/squareup/javapoet/TypeSpec$Builder;" line="457"><counter type="INSTRUCTION" missed="0" covered="7"/><counter type="LINE" missed="0" covered="2"/><counter type="COMPLEXITY" missed="0" covered="1"/><counter type="METHOD" missed="0" covered="1"/></method><method name="addSuperinterface" desc="(Ljava/lang/reflect/Type;)Lcom/squareup/javapoet/TypeSpec$Builder;" line="462"><counter type="INSTRUCTION" missed="0" covered="5"/><counter type="LINE" missed="0" covered="1"/><counter type="COMPLEXITY" missed="0" covered="1"/><counter type="METHOD" missed="0" covered="1"/></method><method name="addEnumConstant" desc="(Ljava/lang/String;)Lcom/squareup/javapoet/TypeSpec$Builder;" line="466"><counter type="INSTRUCTION" missed="0" covered="9"/><counter type="LINE" missed="0" covered="1"/><counter type="COMPLEXITY" missed="0" covered="1"/><counter type="METHOD" missed="0" covered="1"/></method><method name="addEnumConstant" desc="(Ljava/lang/String;Lcom/squareup/javapoet/TypeSpec;)Lcom/squareup/javapoet/TypeSpec$Builder;" line="470"><counter type="INSTRUCTION" missed="1" covered="43"/><counter type="BRANCH" missed="1" covered="3"/><counter type="LINE" missed="0" covered="5"/><counter type="COMPLEXITY" missed="1" covered="2"/><counter type="METHOD" missed="0" covered="1"/></method><method name="addFields" desc="(Ljava/lang/Iterable;)Lcom/squareup/javapoet/TypeSpec$Builder;" line="479"><counter type="INSTRUCTION" missed="0" covered="26"/><counter type="BRANCH" missed="0" covered="4"/><counter type="LINE" missed="0" covered="5"/><counter type="COMPLEXITY" missed="0" covered="3"/><counter type="METHOD" missed="0" covered="1"/></method><method name="addField" desc="(Lcom/squareup/javapoet/FieldSpec;)Lcom/squareup/javapoet/TypeSpec$Builder;" line="487"><counter type="INSTRUCTION" missed="1" covered="75"/><counter type="BRANCH" missed="1" covered="3"/><counter type="LINE" missed="0" covered="7"/><counter type="COMPLEXITY" missed="1" covered="2"/><counter type="METHOD" missed="0" covered="1"/></method><method name="addField" desc="(Lcom/squareup/javapoet/TypeName;Ljava/lang/String;[Ljavax/lang/model/element/Modifier;)Lcom/squareup/javapoet/TypeSpec$Builder;" line="499"><counter type="INSTRUCTION" missed="0" covered="8"/><counter type="LINE" missed="0" covered="1"/><counter type="COMPLEXITY" missed="0" covered="1"/><counter type="METHOD" missed="0" covered="1"/></method><method name="addField" desc="(Ljava/lang/reflect/Type;Ljava/lang/String;[Ljavax/lang/model/element/Modifier;)Lcom/squareup/javapoet/TypeSpec$Builder;" line="503"><counter type="INSTRUCTION" missed="0" covered="7"/><counter type="LINE" missed="0" covered="1"/><counter type="COMPLEXITY" missed="0" covered="1"/><counter type="METHOD" missed="0" covered="1"/></method><method name="addStaticBlock" desc="(Lcom/squareup/javapoet/CodeBlock;)Lcom/squareup/javapoet/TypeSpec$Builder;" line="507"><counter type="INSTRUCTION" missed="0" covered="12"/><counter type="LINE" missed="0" covered="2"/><counter type="COMPLEXITY" missed="0" covered="1"/><counter type="METHOD" missed="0" covered="1"/></method><method name="addInitializerBlock" desc="(Lcom/squareup/javapoet/CodeBlock;)Lcom/squareup/javapoet/TypeSpec$Builder;" line="512"><counter type="INSTRUCTION" missed="0" covered="38"/><counter type="BRANCH" missed="1" covered="3"/><counter type="LINE" missed="0" covered="8"/><counter type="COMPLEXITY" missed="1" covered="2"/><counter type="METHOD" missed="0" covered="1"/></method><method name="addMethods" desc="(Ljava/lang/Iterable;)Lcom/squareup/javapoet/TypeSpec$Builder;" line="524"><counter type="INSTRUCTION" missed="0" covered="26"/><counter type="BRANCH" missed="0" covered="4"/><counter type="LINE" missed="0" covered="5"/><counter type="COMPLEXITY" missed="0" covered="3"/><counter type="METHOD" missed="0" covered="1"/></method><method name="addMethod" desc="(Lcom/squareup/javapoet/MethodSpec;)Lcom/squareup/javapoet/TypeSpec$Builder;" line="532"><counter type="INSTRUCTION" missed="0" covered="130"/><counter type="BRANCH" missed="0" covered="12"/><counter type="LINE" missed="0" covered="11"/><counter type="COMPLEXITY" missed="0" covered="7"/><counter type="METHOD" missed="0" covered="1"/></method><method name="addTypes" desc="(Ljava/lang/Iterable;)Lcom/squareup/javapoet/TypeSpec$Builder;" line="552"><counter type="INSTRUCTION" missed="0" covered="26"/><counter type="BRANCH" missed="0" covered="4"/><counter type="LINE" missed="0" covered="5"/><counter type="COMPLEXITY" missed="0" covered="3"/><counter type="METHOD" missed="0" covered="1"/></method><method name="addType" desc="(Lcom/squareup/javapoet/TypeSpec;)Lcom/squareup/javapoet/TypeSpec$Builder;" line="560"><counter type="INSTRUCTION" missed="0" covered="38"/><counter type="LINE" missed="0" covered="4"/><counter type="COMPLEXITY" missed="0" covered="1"/><counter type="METHOD" missed="0" covered="1"/></method><method name="addOriginatingElement" desc="(Ljavax/lang/model/element/Element;)Lcom/squareup/javapoet/TypeSpec$Builder;" line="568"><counter type="INSTRUCTION" missed="0" covered="7"/><counter type="LINE" missed="0" covered="2"/><counter type="COMPLEXITY" missed="0" covered="1"/><counter type="METHOD" missed="0" covered="1"/></method><method name="build" desc="()Lcom/squareup/javapoet/TypeSpec;" line="573"><counter type="INSTRUCTION" missed="2" covered="100"/><counter type="BRANCH" missed="2" covered="18"/><counter type="LINE" missed="0" covered="9"/><counter type="COMPLEXITY" missed="2" covered="9"/><counter type="METHOD" missed="0" covered="1"/></method><counter type="INSTRUCTION" missed="13" covered="823"/><counter type="BRANCH" missed="9" covered="73"/><counter type="LINE" missed="1" covered="120"/><counter type="COMPLEXITY" missed="10" covered="59"/><counter type="METHOD" missed="1" covered="27"/><counter type="CLASS" missed="0" covered="1"/></class><class name="com/squareup/javapoet/TypeSpec" sourcefilename="TypeSpec.java"><method name="&lt;init&gt;" desc="(Lcom/squareup/javapoet/TypeSpec$Builder;)V" line="60"><counter type="INSTRUCTION" missed="0" covered="104"/><counter type="BRANCH" missed="0" covered="2"/><counter type="LINE" missed="0" covered="23"/><counter type="COMPLEXITY" missed="0" covered="2"/><counter type="METHOD" missed="0" covered="1"/></method><method name="hasModifier" desc="(Ljavax/lang/model/element/Modifier;)Z" line="86"><counter type="INSTRUCTION" missed="5" covered="0"/><counter type="LINE" missed="1" covered="0"/><counter type="COMPLEXITY" missed="1" covered="0"/><counter type="METHOD" missed="1" covered="0"/></method><method name="classBuilder" desc="(Ljava/lang/String;)Lcom/squareup/javapoet/TypeSpec$Builder;" line="90"><counter type="INSTRUCTION" missed="0" covered="13"/><counter type="LINE" missed="0" covered="1"/><counter type="COMPLEXITY" missed="0" covered="1"/><counter type="METHOD" missed="0" covered="1"/></method><method name="classBuilder" desc="(Lcom/squareup/javapoet/ClassName;)Lcom/squareup/javapoet/TypeSpec$Builder;" line="94"><counter type="INSTRUCTION" missed="0" covered="9"/><counter type="LINE" missed="0" covered="1"/><counter type="COMPLEXITY" missed="0" covered="1"/><counter type="METHOD" missed="0" covered="1"/></method><method name="interfaceBuilder" desc="(Ljava/lang/String;)Lcom/squareup/javapoet/TypeSpec$Builder;" line="98"><counter type="INSTRUCTION" missed="0" covered="13"/><counter type="LINE" missed="0" covered="1"/><counter type="COMPLEXITY" missed="0" covered="1"/><counter type="METHOD" missed="0" covered="1"/></method><method name="interfaceBuilder" desc="(Lcom/squareup/javapoet/ClassName;)Lcom/squareup/javapoet/TypeSpec$Builder;" line="102"><counter type="INSTRUCTION" missed="0" covered="9"/><counter type="LINE" missed="0" covered="1"/><counter type="COMPLEXITY" missed="0" covered="1"/><counter type="METHOD" missed="0" covered="1"/></method><method name="enumBuilder" desc="(Ljava/lang/String;)Lcom/squareup/javapoet/TypeSpec$Builder;" line="106"><counter type="INSTRUCTION" missed="0" covered="13"/><counter type="LINE" missed="0" covered="1"/><counter type="COMPLEXITY" missed="0" covered="1"/><counter type="METHOD" missed="0" covered="1"/></method><method name="enumBuilder" desc="(Lcom/squareup/javapoet/ClassName;)Lcom/squareup/javapoet/TypeSpec$Builder;" line="110"><counter type="INSTRUCTION" missed="0" covered="9"/><counter type="LINE" missed="0" covered="1"/><counter type="COMPLEXITY" missed="0" covered="1"/><counter type="METHOD" missed="0" covered="1"/></method><method name="anonymousClassBuilder" desc="(Ljava/lang/String;[Ljava/lang/Object;)Lcom/squareup/javapoet/TypeSpec$Builder;" line="114"><counter type="INSTRUCTION" missed="0" covered="12"/><counter type="LINE" missed="0" covered="3"/><counter type="COMPLEXITY" missed="0" covered="1"/><counter type="METHOD" missed="0" covered="1"/></method><method name="annotationBuilder" desc="(Ljava/lang/String;)Lcom/squareup/javapoet/TypeSpec$Builder;" line="120"><counter type="INSTRUCTION" missed="0" covered="13"/><counter type="LINE" missed="0" covered="1"/><counter type="COMPLEXITY" missed="0" covered="1"/><counter type="METHOD" missed="0" covered="1"/></method><method name="annotationBuilder" desc="(Lcom/squareup/javapoet/ClassName;)Lcom/squareup/javapoet/TypeSpec$Builder;" line="124"><counter type="INSTRUCTION" missed="0" covered="9"/><counter type="LINE" missed="0" covered="1"/><counter type="COMPLEXITY" missed="0" covered="1"/><counter type="METHOD" missed="0" covered="1"/></method><method name="toBuilder" desc="()Lcom/squareup/javapoet/TypeSpec$Builder;" line="128"><counter type="INSTRUCTION" missed="0" covered="83"/><counter type="LINE" missed="0" covered="14"/><counter type="COMPLEXITY" missed="0" covered="1"/><counter type="METHOD" missed="0" covered="1"/></method><method name="emit" desc="(Lcom/squareup/javapoet/CodeWriter;Ljava/lang/String;Ljava/util/Set;)V" line="148"><counter type="INSTRUCTION" missed="0" covered="586"/><counter type="BRANCH" missed="4" covered="80"/><counter type="LINE" missed="0" covered="110"/><counter type="COMPLEXITY" missed="4" covered="39"/><counter type="METHOD" missed="0" covered="1"/></method><method name="equals" desc="(Ljava/lang/Object;)Z" line="300"><counter type="INSTRUCTION" missed="6" covered="16"/><counter type="BRANCH" missed="3" covered="3"/><counter type="LINE" missed="0" covered="4"/><counter type="COMPLEXITY" missed="3" covered="1"/><counter type="METHOD" missed="0" covered="1"/></method><method name="hashCode" desc="()I" line="307"><counter type="INSTRUCTION" missed="0" covered="4"/><counter type="LINE" missed="0" covered="1"/><counter type="COMPLEXITY" missed="0" covered="1"/><counter type="METHOD" missed="0" covered="1"/></method><method name="toString" desc="()Ljava/lang/String;" line="311"><counter type="INSTRUCTION" missed="5" covered="17"/><counter type="LINE" missed="2" covered="4"/><counter type="COMPLEXITY" missed="0" covered="1"/><counter type="METHOD" missed="0" covered="1"/></method><counter type="INSTRUCTION" missed="16" covered="910"/><counter type="BRANCH" missed="7" covered="85"/><counter type="LINE" missed="3" covered="167"/><counter type="COMPLEXITY" missed="8" covered="54"/><counter type="METHOD" missed="1" covered="15"/><counter type="CLASS" missed="0" covered="1"/></class><class name="com/squareup/javapoet/TypeVariableName" sourcefilename="TypeVariableName.java"><method name="&lt;init&gt;" desc="(Ljava/lang/String;Ljava/util/List;)V" line="39"><counter type="INSTRUCTION" missed="0" covered="8"/><counter type="LINE" missed="0" covered="2"/><counter type="COMPLEXITY" missed="0" covered="1"/><counter type="METHOD" missed="0" covered="1"/></method><method name="&lt;init&gt;" desc="(Ljava/lang/String;Ljava/util/List;Ljava/util/List;)V" line="43"><counter type="INSTRUCTION" missed="1" covered="43"/><counter type="BRANCH" missed="2" covered="4"/><counter type="LINE" missed="0" covered="7"/><counter type="COMPLEXITY" missed="2" covered="2"/><counter type="METHOD" missed="0" covered="1"/></method><method name="annotated" desc="(Ljava/util/List;)Lcom/squareup/javapoet/TypeVariableName;" line="53"><counter type="INSTRUCTION" missed="9" covered="0"/><counter type="LINE" missed="1" covered="0"/><counter type="COMPLEXITY" missed="1" covered="0"/><counter type="METHOD" missed="1" covered="0"/></method><method name="withoutAnnotations" desc="()Lcom/squareup/javapoet/TypeName;" line="57"><counter type="INSTRUCTION" missed="8" covered="0"/><counter type="LINE" missed="1" covered="0"/><counter type="COMPLEXITY" missed="1" covered="0"/><counter type="METHOD" missed="1" covered="0"/></method><method name
[...]
" mb="0" cb="0"/><line nr="91" mi="0" ci="6" mb="0" cb="0"/><line nr="92" mi="0" ci="10" mb="0" cb="0"/><line nr="93" mi="0" ci="8" mb="0" cb="0"/><line nr="94" mi="0" ci="1" mb="0" cb="0"/><line nr="98" mi="0" ci="6" mb="0" cb="0"/><line nr="102" mi="9" ci="0" mb="0" cb="0"/><line nr="103" mi="6" ci="0" mb="0" cb="0"/><line nr="104" mi="6" ci="0" mb="0" cb="0"/><line nr="105" mi="6" ci="0" mb="0" cb="0"/><line nr="106" mi="11" ci="0" mb="2" cb="0"/><line nr="107" mi="2" ci="0" mb="0" cb="0"/><line nr="114" mi="0" ci="3" mb="0" cb="0"/><line nr="115" mi="0" ci="5" mb="0" cb="0"/><line nr="116" mi="0" ci="5" mb="0" cb="0"/><line nr="117" mi="0" ci="3" mb="0" cb="0"/><line nr="119" mi="0" ci="2" mb="0" cb="0"/><line nr="120" mi="0" ci="3" mb="0" cb="0"/><line nr="121" mi="0" ci="3" mb="0" cb="0"/><line nr="122" mi="0" ci="1" mb="0" cb="0"/><line nr="125" mi="0" ci="6" mb="0" cb="0"/><line nr="126" mi="0" ci="2" mb="0" cb="0"/><line nr="130" mi="6" ci="3" mb="1" cb="1"/><line nr="131" mi="10" ci="0" mb="2" cb="0"/><line nr="132" mi="5" ci="0" mb="0" cb="0"/><line nr="133" mi="1" ci="0" mb="0" cb="0"/><line nr="134" mi="2" ci="0" mb="0" cb="0"/><line nr="138" mi="0" ci="5" mb="0" cb="0"/><line nr="139" mi="0" ci="2" mb="0" cb="0"/><line nr="143" mi="7" ci="0" mb="0" cb="0"/><line nr="144" mi="2" ci="0" mb="0" cb="0"/><line nr="148" mi="5" ci="0" mb="0" cb="0"/><line nr="152" mi="0" ci="5" mb="0" cb="0"/><line nr="153" mi="0" ci="2" mb="0" cb="0"/><line nr="157" mi="0" ci="6" mb="0" cb="0"/><line nr="161" mi="0" ci="10" mb="0" cb="2"/><line nr="162" mi="0" ci="8" mb="0" cb="0"/><line nr="163" mi="0" ci="2" mb="0" cb="0"/><line nr="167" mi="0" ci="6" mb="0" cb="0"/><counter type="INSTRUCTION" missed="89" covered="252"/><counter type="BRANCH" missed="8" covered="10"/><counter type="LINE" missed="15" covered="54"/><counter type="COMPLEXITY" missed="9" covered="19"/><counter type="METHOD" missed="3" covered="16"/><counter type="CLASS" missed="0" covered="2"/></sourcefile><sourcefile name="Util.java"><line nr="42" mi="0" ci="2" mb="0" cb="0"/><line nr="44" mi="0" ci="3" mb="0" cb="0"/><line nr="45" mi="1" ci="0" mb="0" cb="0"/><line nr="46" mi="0" ci="1" mb="0" cb="0"/><line nr="47" mi="0" ci="2" mb="0" cb="0"/><line nr="48" mi="0" ci="1" mb="0" cb="0"/><line nr="51" mi="0" ci="4" mb="0" cb="0"/><line nr="52" mi="0" ci="11" mb="0" cb="2"/><line nr="53" mi="1" ci="5" mb="1" cb="1"/><line nr="54" mi="0" ci="9" mb="0" cb="0"/><line nr="55" mi="0" ci="1" mb="0" cb="0"/><line nr="56" mi="0" ci="3" mb="0" cb="0"/><line nr="60" mi="0" ci="6" mb="0" cb="0"/><line nr="64" mi="0" ci="9" mb="0" cb="2"/><line nr="65" mi="0" ci="1" mb="0" cb="0"/><line nr="68" mi="0" ci="9" mb="0" cb="2"/><line nr="69" mi="0" ci="2" mb="0" cb="0"/><line nr="73" mi="0" ci="9" mb="0" cb="2"/><line nr="74" mi="0" ci="1" mb="0" cb="0"/><line nr="77" mi="0" ci="6" mb="0" cb="0"/><line nr="81" mi="0" ci="6" mb="0" cb="0"/><line nr="85" mi="0" ci="5" mb="0" cb="2"/><line nr="86" mi="0" ci="4" mb="0" cb="0"/><line nr="87" mi="0" ci="7" mb="0" cb="0"/><line nr="88" mi="0" ci="8" mb="0" cb="2"/><line nr="89" mi="0" ci="9" mb="0" cb="0"/><line nr="91" mi="0" ci="3" mb="0" cb="0"/><line nr="95" mi="0" ci="4" mb="0" cb="0"/><line nr="96" mi="0" ci="4" mb="0" cb="0"/><line nr="97" mi="0" ci="4" mb="0" cb="0"/><line nr="98" mi="0" ci="2" mb="0" cb="0"/><line nr="102" mi="0" ci="2" mb="0" cb="0"/><line nr="103" mi="0" ci="16" mb="0" cb="2"/><line nr="104" mi="3" ci="2" mb="3" cb="1"/><line nr="105" mi="0" ci="5" mb="0" cb="2"/><line nr="107" mi="1" ci="16" mb="1" cb="1"/><line nr="108" mi="0" ci="2" mb="0" cb="0"/><line nr="109" mi="0" ci="1" mb="0" cb="0"/><line nr="112" mi="0" ci="10" mb="1" cb="3"/><line nr="117" mi="0" ci="2" mb="0" cb="9"/><line nr="118" mi="0" ci="2" mb="0" cb="0"/><line nr="119" mi="0" ci="2" mb="0" cb="0"/><line nr="120" mi="0" ci="2" mb="0" cb="0"/><line nr="121" mi="0" ci="2" mb="0" cb="0"/><line nr="122" mi="0" ci="2" mb="0" cb="0"/><line nr="123" mi="0" ci="2" mb="0" cb="0"/><line nr="124" mi="0" ci="2" mb="0" cb="0"/><line nr="125" mi="0" ci="2" mb="0" cb="0"/><line nr="127" mi="0" ci="16" mb="0" cb="2"/><line nr="133" mi="0" ci="8" mb="0" cb="0"/><line nr="134" mi="0" ci="4" mb="0" cb="0"/><line nr="135" mi="0" ci="8" mb="0" cb="2"/><line nr="136" mi="0" ci="4" mb="0" cb="0"/><line nr="138" mi="0" ci="3" mb="0" cb="2"/><line nr="139" mi="0" ci="4" mb="0" cb="0"/><line nr="140" mi="0" ci="1" mb="0" cb="0"/><line nr="143" mi="0" ci="5" mb="0" cb="0"/><line nr="145" mi="0" ci="9" mb="0" cb="4"/><line nr="146" mi="0" ci="10" mb="0" cb="0"/><line nr="149" mi="0" ci="4" mb="0" cb="0"/><line nr="150" mi="0" ci="3" mb="0" cb="0"/><counter type="INSTRUCTION" missed="6" covered="292"/><counter type="BRANCH" missed="6" covered="41"/><counter type="LINE" missed="1" covered="60"/><counter type="COMPLEXITY" missed="5" covered="36"/><counter type="METHOD" missed="0" covered="14"/><counter type="CLASS" missed="0" covered="1"/></sourcefile><sourcefile name="TypeSpec.java"><line nr="60" mi="0" ci="2" mb="0" cb="0"/><line nr="61" mi="0" ci="4" mb="0" cb="0"/><line nr="62" mi="0" ci="4" mb="0" cb="0"/><line nr="63" mi="0" ci="4" mb="0" cb="0"/><line nr="64" mi="0" ci="5" mb="0" cb="0"/><line nr="65" mi="0" ci="5" mb="0" cb="0"/><line nr="66" mi="0" ci="5" mb="0" cb="0"/><line nr="67" mi="0" ci="5" mb="0" cb="0"/><line nr="68" mi="0" ci="4" mb="0" cb="0"/><line nr="69" mi="0" ci="5" mb="0" cb="0"/><line nr="70" mi="0" ci="5" mb="0" cb="0"/><line nr="71" mi="0" ci="5" mb="0" cb="0"/><line nr="72" mi="0" ci="5" mb="0" cb="0"/><line nr="73" mi="0" ci="5" mb="0" cb="0"/><line nr="74" mi="0" ci="5" mb="0" cb="0"/><line nr="75" mi="0" ci="5" mb="0" cb="0"/><line nr="77" mi="0" ci="4" mb="0" cb="0"/><line nr="78" mi="0" ci="5" mb="0" cb="0"/><line nr="79" mi="0" ci="11" mb="0" cb="2"/><line nr="80" mi="0" ci="5" mb="0" cb="0"/><line nr="81" mi="0" ci="1" mb="0" cb="0"/><line nr="82" mi="0" ci="4" mb="0" cb="0"/><line nr="83" mi="0" ci="1" mb="0" cb="0"/><line nr="86" mi="5" ci="0" mb="0" cb="0"/><line nr="90" mi="0" ci="13" mb="0" cb="0"/><line nr="94" mi="0" ci="9" mb="0" cb="0"/><line nr="98" mi="0" ci="13" mb="0" cb="0"/><line nr="102" mi="0" ci="9" mb="0" cb="0"/><line nr="106" mi="0" ci="13" mb="0" cb="0"/><line nr="110" mi="0" ci="9" mb="0" cb="0"/><line nr="114" mi="0" ci="8" mb="0" cb="0"/><line nr="115" mi="0" ci="1" mb="0" cb="0"/><line nr="116" mi="0" ci="3" mb="0" cb="0"/><line nr="120" mi="0" ci="13" mb="0" cb="0"/><line nr="124" mi="0" ci="9" mb="0" cb="0"/><line nr="128" mi="0" ci="11" mb="0" cb="0"/><line nr="129" mi="0" ci="6" mb="0" cb="0"/><line nr="130" mi="0" ci="6" mb="0" cb="0"/><line nr="131" mi="0" ci="6" mb="0" cb="0"/><line nr="132" mi="0" ci="6" mb="0" cb="0"/><line nr="133" mi="0" ci="5" mb="0" cb="0"/><line nr="134" mi="0" ci="6" mb="0" cb="0"/><line nr="135" mi="0" ci="5" mb="0" cb="0"/><line nr="136" mi="0" ci="6" mb="0" cb="0"/><line nr="137" mi="0" ci="6" mb="0" cb="0"/><line nr="138" mi="0" ci="6" mb="0" cb="0"/><line nr="139" mi="0" ci="6" mb="0" cb="0"/><line nr="140" mi="0" ci="6" mb="0" cb="0"/><line nr="141" mi="0" ci="2" mb="0" cb="0"/><line nr="148" mi="0" ci="3" mb="0" cb="0"/><line nr="149" mi="0" ci="3" mb="0" cb="0"/><line nr="152" mi="0" ci="2" mb="0" cb="2"/><line nr="153" mi="0" ci="4" mb="0" cb="0"/><line nr="154" mi="0" ci="5" mb="0" cb="0"/><line nr="155" mi="0" ci="10" mb="0" cb="0"/><line nr="156" mi="0" ci="5" mb="0" cb="2"/><line nr="157" mi="0" ci="6" mb="0" cb="0"/><line nr="158" mi="0" ci="5" mb="0" cb="0"/><line nr="159" mi="0" ci="6" mb="0" cb="0"/><line nr="161" mi="0" ci="12" mb="2" cb="4"/><line nr="162" mi="0" ci="1" mb="0" cb="0"/><line nr="164" mi="0" ci="7" mb="0" cb="0"/><line nr="165" mi="0" ci="3" mb="0" cb="2"/><line nr="166" mi="0" ci="13" mb="0" cb="2"/><line nr="167" mi="0" ci="10" mb="0" cb="0"/><line nr="168" mi="0" ci="5" mb="0" cb="0"/><line nr="169" mi="0" ci="6" mb="0" cb="0"/><line nr="170" mi="0" ci="1" mb="0" cb="0"/><line nr="171" mi="0" ci="4" mb="0" cb="0"/><line nr="172" mi="0" ci="5" mb="0" cb="0"/><line nr="173" mi="0" ci="9" mb="0" cb="0"/><line nr="174" mi="0" ci="4" mb="0" cb="2"/><line nr="175" mi="0" ci="16" mb="0" cb="0"/><line nr="177" mi="0" ci="19" mb="0" cb="0"/><line nr="179" mi="0" ci="4" mb="0" cb="0"/><line nr="183" mi="0" ci="4" mb="0" cb="2"/><line nr="184" mi="0" ci="3" mb="0" cb="0"/><line nr="185" mi="0" ci="3" mb="0" cb="0"/><line nr="187" mi="0" ci="5" mb="0" cb="2"/><line nr="188" mi="0" ci="4" mb="0" cb="0"/><line nr="189" mi="0" ci="2" mb="0" cb="0"/><line nr="190" mi="0" ci="3" mb="0" cb="0"/><line nr="193" mi="0" ci="3" mb="0" cb="2"/><line nr="194" mi="0" ci="6" mb="0" cb="0"/><line nr="195" mi="0" ci="2" mb="0" cb="0"/><line nr="196" mi="0" ci="10" mb="0" cb="2"/><line nr="197" mi="0" ci="8" mb="0" cb="2"/><line nr="198" mi="0" ci="10" mb="0" cb="0"/><line nr="199" mi="0" ci="2" mb="0" cb="0"/><line nr="200" mi="0" ci="1" mb="0" cb="0"/><line nr="203" mi="0" ci="3" mb="0" cb="2"/><line nr="204" mi="0" ci="6" mb="0" cb="0"/><line nr="205" mi="0" ci="2" mb="0" cb="0"/><line nr="206" mi="0" ci="10" mb="0" cb="2"/><line nr="207" mi="0" ci="8" mb="0" cb="2"/><line nr="208" mi="0" ci="10" mb="0" cb="0"/><line nr="209" mi="0" ci="2" mb="0" cb="0"/><line nr="210" mi="0" ci="1" mb="0" cb="0"/><line nr="213" mi="0" ci="6" mb="0" cb="0"/><line nr="216" mi="0" ci="4" mb="0" cb="0"/><line nr="217" mi="0" ci="3" mb="0" cb="0"/><line nr="218" mi="0" ci="2" mb="0" cb="0"/><line nr="219" mi="0" ci="5" mb="0" cb="0"/><line nr="220" mi="0" ci="3" mb="0" cb="2"/><line nr="221" mi="0" ci="4" mb="0" cb="0"/><line nr="222" mi="0" ci="8" mb="0" cb="2"/><line nr="223" mi="0" ci="5" mb="0" cb="0"/><line nr="224" mi="0" ci="4" mb="0" cb="0"/><line nr="225" mi="0" ci="2" mb="0" cb="0"/><line nr="226" mi="0" ci="3" mb="0" cb="2"/><line nr="227" mi="0" ci="7" mb="0" cb="0"/><line nr="228" mi="0" ci="12" mb="1" cb="5"/><line nr="229" mi="0" ci="7" mb="0" cb="0"/><line nr="231" mi="0" ci="6" mb="0" cb="0"/><line nr="233" mi="0" ci="1" mb="0" cb="0"/><line nr="236" mi="0" ci="11" mb="0" cb="2"/><line nr="237" mi="0" ci="5" mb="0" cb="2"/><line nr="238" mi="0" ci="8" mb="0" cb="2"/><line nr="239" mi="0" ci="6" mb="0" cb="0"/><line nr="240" mi="0" ci="2" mb="0" cb="0"/><line nr="241" mi="0" ci="1" mb="0" cb="0"/><line nr="243" mi="0" ci="4" mb="0" cb="2"/><line nr="244" mi="0" ci="8" mb="0" cb="2"/><line nr="245" mi="0" ci="5" mb="0" cb="0"/><line nr="246" mi="0" ci="2" mb="0" cb="0"/><line nr="250" mi="0" ci="11" mb="0" cb="2"/><line nr="251" mi="0" ci="5" mb="0" cb="2"/><line nr="252" mi="0" ci="8" mb="0" cb="2"/><line nr="253" mi="0" ci="6" mb="0" cb="0"/><line nr="254" mi="0" ci="2" mb="0" cb="0"/><line nr="255" mi="0" ci="1" mb="0" cb="0"/><line nr="258" mi="0" ci="4" mb="0" cb="2"/><line nr="259" mi="0" ci="8" mb="1" cb="1"/><line nr="260" mi="0" ci="5" mb="0" cb="0"/><line nr="261" mi="0" ci="2" mb="0" cb="0"/><line nr="265" mi="0" ci="11" mb="0" cb="2"/><line nr="266" mi="0" ci="4" mb="0" cb="2"/><line nr="267" mi="0" ci="8" mb="0" cb="2"/><line nr="268" mi="0" ci="8" mb="0" cb="0"/><line nr="269" mi="0" ci="2" mb="0" cb="0"/><line nr="270" mi="0" ci="1" mb="0" cb="0"/><line nr="273" mi="0" ci="11" mb="0" cb="2"/><line nr="274" mi="0" ci="4" mb="0" cb="2"/><line nr="275" mi="0" ci="8" mb="0" cb="2"/><line nr="276" mi="0" ci="8" mb="0" cb="0"/><line nr="277" mi="0" ci="2" mb="0" cb="0"/><line nr="278" mi="0" ci="1" mb="0" cb="0"/><line nr="281" mi="0" ci="11" mb="0" cb="2"/><line nr="282" mi="0" ci="8" mb="0" cb="2"/><line nr="283" mi="0" ci="7" mb="0" cb="0"/><line nr="284" mi="0" ci="2" mb="0" cb="0"/><line nr="285" mi="0" ci="1" mb="0" cb="0"/><line nr="287" mi="0" ci="3" mb="0" cb="0"/><line nr="288" mi="0" ci="3" mb="0" cb="0"/><line nr="290" mi="0" ci="6" mb="0" cb="0"/><line nr="291" mi="0" ci="5" mb="0" cb="4"/><line nr="292" mi="0" ci="6" mb="0" cb="0"/><line nr="295" mi="0" ci="3" mb="0" cb="0"/><line nr="297" mi="0" ci="1" mb="0" cb="0"/><line nr="300" mi="2" ci="3" mb="1" cb="1"/><line nr="301" mi="2" ci="2" mb="1" cb="1"/><line nr="302" mi="2" ci="5" mb="1" cb="1"/><line nr="303" mi="0" ci="6" mb="0" cb="0"/><line nr="307" mi="0" ci="4" mb="0" cb="0"/><line nr="311" mi="0" ci="4" mb="0" cb="0"/><line nr="313" mi="0" ci="5" mb="0" cb="0"/><line nr="314" mi="0" ci="5" mb="0" cb="0"/><line nr="315" mi="0" ci="3" mb="0" cb="0"/><line nr="316" mi="1" ci="0" mb="0" cb="0"/><line nr="317" mi="4" ci="0" mb="0" cb="0"/><line nr="321" mi="0" ci="20" mb="0" cb="0"/><line nr="322" mi="0" ci="4" mb="0" cb="0"/><line nr="323" mi="0" ci="1" mb="0" cb="0"/><line nr="324" mi="0" ci="1" mb="0" cb="0"/><line nr="325" mi="0" ci="1" mb="0" cb="0"/><line nr="326" mi="0" ci="3" mb="0" cb="0"/><line nr="328" mi="0" ci="18" mb="0" cb="0"/><line nr="329" mi="0" ci="12" mb="0" cb="0"/><line nr="330" mi="0" ci="12" mb="0" cb="0"/><line nr="331" mi="0" ci="8" mb="0" cb="0"/><line nr="332" mi="0" ci="4" mb="0" cb="0"/><line nr="334" mi="0" ci="4" mb="0" cb="0"/><line nr="335" mi="0" ci="1" mb="0" cb="0"/><line nr="336" mi="0" ci="1" mb="0" cb="0"/><line nr="337" mi="0" ci="2" mb="0" cb="0"/><line nr="338" mi="0" ci="3" mb="0" cb="0"/><line nr="340" mi="0" ci="18" mb="0" cb="0"/><line nr="341" mi="0" ci="12" mb="0" cb="0"/><line nr="342" mi="0" ci="12" mb="0" cb="0"/><line nr="343" mi="0" ci="8" mb="0" cb="0"/><line nr="344" mi="0" ci="4" mb="0" cb="0"/><line nr="354" mi="0" ci="4" mb="0" cb="0"/><line nr="355" mi="0" ci="3" mb="0" cb="0"/><line nr="356" mi="0" ci="3" mb="0" cb="0"/><line nr="357" mi="0" ci="3" mb="0" cb="0"/><line nr="358" mi="0" ci="3" mb="0" cb="0"/><line nr="359" mi="0" ci="1" mb="0" cb="0"/><line nr="367" mi="0" ci="3" mb="0" cb="0"/><line nr="368" mi="0" ci="5" mb="0" cb="0"/><line nr="369" mi="0" ci="5" mb="0" cb="0"/><line nr="370" mi="0" ci="5" mb="0" cb="0"/><line nr="371" mi="0" ci="3" mb="0" cb="0"/><line nr="372" mi="0" ci="5" mb="0" cb="0"/><line nr="373" mi="0" ci="5" mb="0" cb="0"/><line nr="374" mi="0" ci="5" mb="0" cb="0"/><line nr="375" mi="0" ci="3" mb="0" cb="0"/><line nr="376" mi="0" ci="3" mb="0" cb="0"/><line nr="377" mi="0" ci="5" mb="0" cb="0"/><line nr="378" mi="0" ci="5" mb="0" cb="0"/><line nr="379" mi="0" ci="5" mb="0" cb="0"/><line nr="382" mi="0" ci="2" mb="0" cb="0"/><line nr="383" mi="1" ci="15" mb="1" cb="3"/><line nr="384" mi="0" ci="3" mb="0" cb="0"/><line nr="385" mi="0" ci="3" mb="0" cb="0"/><line nr="386" mi="0" ci="3" mb="0" cb="0"/><line nr="387" mi="0" ci="1" mb="0" cb="0"/><line nr="390" mi="0" ci="6" mb="0" cb="0"/><line nr="391" mi="0" ci="2" mb="0" cb="0"/><line nr="395" mi="0" ci="9" mb="0" cb="2"/><line nr="396" mi="0" ci="10" mb="0" cb="2"/><line nr="397" mi="0" ci="5" mb="0" cb="0"/><line nr="398" mi="0" ci="1" mb="0" cb="0"/><line nr="399" mi="0" ci="2" mb="0" cb="0"/><line nr="403" mi="0" ci="5" mb="0" cb="0"/><line nr="404" mi="0" ci="2" mb="0" cb="0"/><line nr="408" mi="0" ci="6" mb="0" cb="0"/><line nr="412" mi="0" ci="5" mb="0" cb="0"/><line nr="416" mi="1" ci="9" mb="1" cb="1"/><line nr="417" mi="0" ci="5" mb="0" cb="0"/><line nr="418" mi="0" ci="2" mb="0" cb="0"/><line nr="422" mi="1" ci="9" mb="1" cb="1"/><line nr="423" mi="0" ci="9" mb="0" cb="2"/><line nr="424" mi="0" ci="10" mb="0" cb="2"/><line nr="425" mi="0" ci="5" mb="0" cb="0"/><line nr="426" mi="0" ci="1" mb="0" cb="0"/><line nr="427" mi="0" ci="2" mb="0" cb="0"/><line nr="431" mi="1" ci="9" mb="1" cb="1"/><line nr="432" mi="0" ci="5" mb="0" cb="0"/><line nr="433" mi="0" ci="2" mb="0" cb="0"/><line nr="437" mi="0" ci="19" mb="0" cb="2"/><line nr="439" mi="0" ci="10" mb="0" cb="2"/><line nr="440" mi="0" ci="3" mb="0" cb="0"/><line nr="441" mi="0" ci="2" mb="0" cb="0"/><line nr="445" mi="5" ci="0" mb="0" cb="0"/><line nr="449" mi="0" ci="9" mb="0" cb="2"/><line nr="450" mi="0" ci="10" mb="0" cb="2"/><line nr="451" mi="0" ci="5" mb="0" cb="0"/><line nr="452" mi="0" ci="1" mb="0" cb="0"/><line nr="453" mi="0" ci="2" mb="0" cb="0"/><line nr="457" mi="0" ci="5" mb="0" cb="0"/><line nr="458" mi="0" ci="2" mb="0" cb="0"/><line nr="462" mi="0" ci="5" mb="0" cb="0"/><line nr="466" mi="0" ci="9" mb="0" cb="0"/><line nr="470" mi="0" ci="16" mb="0" cb="2"/><line nr="471" mi="1" ci="9" mb="1" cb="1"/><line nr="473" mi="0" ci="10" mb="0" cb="0"/><line nr="474" mi="0" ci="6" mb="0" cb="0"/><line nr="475" mi="0" ci="2" mb="0" cb="0"/><line nr="479" mi="0" ci="9" mb="0" cb="2"/><line nr="480" mi="0" ci="10" mb="0" cb="2"/><line nr="481" mi="0" ci="4" mb="0" cb="0"/><line nr="482" mi="0" ci="1" mb="0" cb="0"/><line nr="483" mi="0" ci="2" mb="0" cb="0"/><line nr="487" mi="1" ci="20" mb="1" cb="1"/><line nr="488" mi="0" ci="4" mb="0" cb="2"/><line nr="489" mi="0" ci="13" mb="0" cb="0"/><line nr="490" mi="0" ci="4" mb="0" cb="0"/><line nr="491" mi="0" ci="27" mb="0" cb="0"/><line nr="494" mi="0" ci="5" mb="0" cb="0"/><line nr="495" mi="0" ci="2" mb="0" cb="0"/><line nr="499" mi="0" ci="8" mb="0" cb="0"/><line nr="503" mi="0" ci="7" mb="0" cb="0"/><line nr="507" mi="0" ci="10" mb="0" cb="0"/><line nr="508" mi="0" ci="2" mb="0" cb="0"/><line nr="512" mi="0" ci="8" mb="1" cb="3"/><line nr="513" mi="0" ci="13" mb="0" cb="0"/><line nr="515" mi="0" ci="6" mb="0" cb="0"/><line nr="516" mi="0" ci="2" mb="0" cb="0"/><line nr="517" mi="0" ci="1" mb="0" cb="0"/><line nr="518" mi="0" ci="4" mb="0" cb="0"/><line nr="519" mi="0" ci="2" mb="0" cb="0"/><line nr="520" mi="0" ci="2" mb="0" cb="0"/><line nr="524" mi="0" ci="9" mb="0" cb="2"/><line nr="525" mi="0" ci="10" mb="0" cb="2"/><line nr="526" mi="0" ci="4" mb="0" cb="0"/><line nr="527" mi="0" ci="1" mb="0" cb="0"/><line nr="528" mi="0" ci="2" mb="0" cb="0"/><line nr="532" mi="0" ci="4" mb="0" cb="2"/><line nr="533" mi="0" ci="17" mb="0" cb="0"/><line nr="534" mi="0" ci="14" mb="0" cb="0"/><line nr="535" mi="0" ci="4" mb="0" cb="2"/><line nr="536" mi="0" ci="25" mb="0" cb="0"/><line nr="539" mi="0" ci="4" mb="0" cb="2"/><line nr="540" mi="0" ci="25" mb="0" cb="2"/><line nr="543" mi="0" ci="4" mb="0" cb="2"/><line nr="544" mi="0" ci="26" mb="0" cb="2"/><line nr="547" mi="0" ci="5" mb="0" cb="0"/><line nr="548" mi="0" ci="2" mb="0" cb="0"/><line nr="552" mi="0" ci="9" mb="0" cb="2"/><line nr="553" mi="0" ci="10" mb="0" cb="2"/><line nr="554" mi="0" ci="4" mb="0" cb="0"/><line nr="555" mi="0" ci="1" mb="0" cb="0"/><line nr="556" mi="0" ci="2" mb="0" cb="0"/><line nr="560" mi="0" ci="29" mb="0" cb="0"/><line nr="562" mi="0" ci="2" mb="0" cb="0"/><line nr="563" mi="0" ci="5" mb="0" cb="0"/><line nr="564" mi="0" ci="2" mb="0" cb="0"/><line nr="568" mi="0" ci="5" mb="0" cb="0"/><line nr="569" mi="0" ci="2" mb="0" cb="0"/><line nr="573" mi="0" ci="20" mb="0" cb="4"/><line nr="576" mi="0" ci="13" mb="0" cb="4"/><line nr="577" mi="0" ci="11" mb="0" cb="2"/><line nr="578" mi="1" ci="22" mb="1" cb="3"/><line nr="580" mi="0" ci="1" mb="0" cb="0"/><line nr="582" mi="0" ci="5" mb="0" cb="0"/><line nr="583" mi="0" ci="10" mb="0" cb="2"/><line nr="584" mi="1" ci="12" mb="1" cb="3"/><line nr="587" mi="0" ci="6" mb="0" cb="0"/><counter type="INSTRUCTION" missed="29" covered="1899"/><counter type="BRANCH" missed="16" covered="158"/><counter type="LINE" missed="4" covered="314"/><counter type="COMPLEXITY" missed="18" covered="115"/><counter type="METHOD" missed="2" covered="44"/><counter type="CLASS" missed="0" covered="3"/></sourcefile><counter type="INSTRUCTION" missed="703" covered="8444"/><counter type="BRANCH" missed="130" covered="749"/><counter type="LINE" missed="115" covered="1552"/><counter type="COMPLEXITY" missed="144" covered="663"/><counter type="METHOD" missed="29" covered="326"/><counter type="CLASS" missed="0" covered="29"/></package><counter type="INSTRUCTION" missed="703" covered="8444"/><counter type="BRANCH" missed="130" covered="749"/><counter type="LINE" missed="115" covered="1552"/><counter type="COMPLEXITY" missed="144" covered="663"/><counter type="METHOD" missed="29" covered="326"/><counter type="CLASS" missed="0" covered="29"/></report>